<?xml version="1.0" encoding="utf-8"?>
<shfbBuild product="Sandcastle Help File Builder" version="1.9.6.0" projectFile="C:\Users\JariZ\Dropbox\C#\ZombieAPI\jZm.shfbproj" started="4-3-2013 20:57:44">
<buildStep step="Initializing">
Finding tools...
Found Sandcastle tools in &#39;C:\Program Files (x86)\Sandcastle\&#39;
Searching for HTML Help 1 compiler...
Found HTML Help 1 compiler in &#39;C:\Program Files (x86)\HTML Help Workshop\&#39;
</buildStep>
<buildStep step="ClearWorkFolder">
Clearing working folder...
</buildStep>
<buildStep step="ValidatingDocumentationSources">
Validating and copying documentation source information
Source: C:\Users\JariZ\Dropbox\C#\ZombieAPI\ZombieLib\docs.xml
Source: C:\Users\JariZ\Dropbox\C#\ZombieAPI\ZombieLib\ZombieAPI.csproj
    Found project &#39;C:\Users\JariZ\Dropbox\C#\ZombieAPI\ZombieLib\ZombieAPI.csproj&#39;

Parsing project files
    Found assembly &#39;C:\Users\JariZ\Dropbox\C#\ZombieAPI\ZombieLib\bin\Release\ZombieAPI.dll&#39;

References to include (excluding framework assemblies):
    None

Copying XML comments files
    C:\Users\JariZ\Dropbox\C#\ZombieAPI\ZombieLib\docs.xml -&gt; C:\Users\JariZ\Dropbox\www\jZmDocs\Working\docs.xml
SHFB: Warning BE0063: &#39;C:\Users\JariZ\Dropbox\C#\ZombieAPI\ZombieLib\bin\Release\docs.xml&#39; matches a previously copied comments filename.  The duplicate will be copied to a unique name to preserve the comments it contains.
    C:\Users\JariZ\Dropbox\C#\ZombieAPI\ZombieLib\bin\Release\docs.xml -&gt; C:\Users\JariZ\Dropbox\www\jZmDocs\Working\{9d0a03fd-ac58-45d6-a372-555e5b479363}
</buildStep>
<buildStep step="GenerateSharedContent">
Generating shared content files (en-US, Engels (Verenigde Staten))...
    Last step completed in 00:00:00.0110
</buildStep>
<buildStep step="GenerateApiFilter">
Generating API filter for MRefBuilder...
    Last step completed in 00:00:00.0050
</buildStep>
<buildStep step="GenerateReflectionInfo">
Generating reflection information...
[C:\Windows\Microsoft.NET\Framework64\v4.0.30319\MSBuild.exe]
  MRefBuilder (v2.7.2.0)
  Copyright &#184; 2006-2012, Microsoft Corporation, All Rights Reserved
  Info: Loaded 1 assemblies for reflection and 0 dependency assemblies.
  Info: Wrote information on 2 namespaces, 26 types, and 263 members
  XslTransform (v2.7.2.0)
  Copyright &#184; 2006-2012, Microsoft Corporation, All Rights Reserved
  Info: Applying XSL transformation &#39;C:\Program Files (x86)\Sandcastle\ProductionTransforms\MergeDuplicates.xsl&#39;.
    Last step completed in 00:00:03.0492
</buildStep>
<buildStep step="GenerateNamespaceSummaries">
Generating namespace summary information...
    Last step completed in 00:00:00.0100
</buildStep>
<buildStep step="ApplyVisibilityProperties">
Applying visibility properties to reflection information file
    0 attribute nodes removed
    0 explicit interface implementations removed
    0 local and base class EII elements removed
    11 protected members noted for removal
    5 protected inherited framework members noted for removal
    Removing previously noted unwanted APIs and elements
    Last step completed in 00:00:00.2220
</buildStep>
<buildStep step="TransformReflectionInfo">
Transforming reflection output...
[C:\Windows\Microsoft.NET\Framework64\v4.0.30319\MSBuild.exe]
  XslTransform (v2.7.2.0)
  Copyright &#184; 2006-2012, Microsoft Corporation, All Rights Reserved
  Info: Applying XSL transformation &#39;C:\Program Files (x86)\Sandcastle\\ProductionTransforms\ApplyVSDocModel.xsl&#39;.
  Info: Applying XSL transformation &#39;C:\Program Files (x86)\Sandcastle\ProductionTransforms\AddGuidFilenames.xsl&#39;.
  XslTransform (v2.7.2.0)
  Copyright &#184; 2006-2012, Microsoft Corporation, All Rights Reserved
  Info: Applying XSL transformation &#39;C:\Program Files (x86)\Sandcastle\ProductionTransforms\ReflectionToManifest.xsl&#39;.
    Last step completed in 00:00:02.9802
</buildStep>
<buildStep step="ModifyHelpTopicFilenames">
Modifying help topic filenames in reflection information file
    Unique name M_ZombieAPI_RemoteMemory_ReadString_1 generated for M:ZombieAPI.RemoteMemory.ReadString(System.Int32)
    Unique name M_ZombieAPI_RemoteMemory_Write_1 generated for M:ZombieAPI.RemoteMemory.Write(System.Char)
    Unique name M_ZombieAPI_RemoteMemory_Write_2 generated for M:ZombieAPI.RemoteMemory.Write(System.Char[])
    Unique name M_ZombieAPI_RemoteMemory_Write_3 generated for M:ZombieAPI.RemoteMemory.Write(System.Decimal)
    Unique name M_ZombieAPI_RemoteMemory_Write_4 generated for M:ZombieAPI.RemoteMemory.Write(System.Double)
    Unique name M_ZombieAPI_RemoteMemory_Write_5 generated for M:ZombieAPI.RemoteMemory.Write(System.Int16)
    Unique name M_ZombieAPI_RemoteMemory_Write_6 generated for M:ZombieAPI.RemoteMemory.Write(System.Int32)
    Unique name M_ZombieAPI_RemoteMemory_Write_7 generated for M:ZombieAPI.RemoteMemory.Write(System.Int64)
    Unique name M_ZombieAPI_RemoteMemory_Write_8 generated for M:ZombieAPI.RemoteMemory.Write(System.Object)
    Unique name M_ZombieAPI_RemoteMemory_Write_9 generated for M:ZombieAPI.RemoteMemory.Write(System.Single)
    Unique name M_ZombieAPI_RemoteMemory_Write_10 generated for M:ZombieAPI.RemoteMemory.Write(System.Single[])
    Unique name M_ZombieAPI_RemoteMemory_Write_11 generated for M:ZombieAPI.RemoteMemory.Write(System.String)
    Unique name M_ZombieAPI_RemoteMemory_Write_12 generated for M:ZombieAPI.RemoteMemory.Write(System.String,System.Object,System.Object)
    Unique name M_ZombieAPI_RemoteMemory_Write_13 generated for M:ZombieAPI.RemoteMemory.Write(System.UInt32)
    Unique name M_ZombieAPI_RemoteMemory_Write_14 generated for M:ZombieAPI.RemoteMemory.Write(System.UInt64)
    Unique name M_ZombieAPI_RemoteMemory_WriteLine_1 generated for M:ZombieAPI.RemoteMemory.WriteLine(System.Boolean)
    Unique name M_ZombieAPI_RemoteMemory_WriteLine_2 generated for M:ZombieAPI.RemoteMemory.WriteLine(System.Char)
    Unique name M_ZombieAPI_RemoteMemory_WriteLine_3 generated for M:ZombieAPI.RemoteMemory.WriteLine(System.Char[])
    Unique name M_ZombieAPI_RemoteMemory_WriteLine_4 generated for M:ZombieAPI.RemoteMemory.WriteLine(System.Decimal)
    Unique name M_ZombieAPI_RemoteMemory_WriteLine_5 generated for M:ZombieAPI.RemoteMemory.WriteLine(System.Double)
    Unique name M_ZombieAPI_RemoteMemory_WriteLine_6 generated for M:ZombieAPI.RemoteMemory.WriteLine(System.Int32)
    Unique name M_ZombieAPI_RemoteMemory_WriteLine_7 generated for M:ZombieAPI.RemoteMemory.WriteLine(System.Int64)
    Unique name M_ZombieAPI_RemoteMemory_WriteLine_8 generated for M:ZombieAPI.RemoteMemory.WriteLine(System.Object)
    Unique name M_ZombieAPI_RemoteMemory_WriteLine_9 generated for M:ZombieAPI.RemoteMemory.WriteLine(System.Single)
    Unique name M_ZombieAPI_RemoteMemory_WriteLine_10 generated for M:ZombieAPI.RemoteMemory.WriteLine(System.String)
    Unique name M_ZombieAPI_RemoteMemory_WriteLine_11 generated for M:ZombieAPI.RemoteMemory.WriteLine(System.String,System.Object,System.Object)
    Unique name M_ZombieAPI_RemoteMemory_WriteLine_12 generated for M:ZombieAPI.RemoteMemory.WriteLine(System.String,System.Object,System.Object,System.Object)
    Unique name M_ZombieAPI_RemoteMemory_WriteLine_13 generated for M:ZombieAPI.RemoteMemory.WriteLine(System.String,System.Object[])
    Unique name M_ZombieAPI_RemoteMemory_WriteLine_14 generated for M:ZombieAPI.RemoteMemory.WriteLine(System.UInt32)
    Unique name M_ZombieAPI_RemoteMemory_WriteLine_15 generated for M:ZombieAPI.RemoteMemory.WriteLine(System.UInt64)
    Unique name M_ZombieAPI_ZombieAPI_WriteLine_1 generated for M:ZombieAPI.ZombieAPI.WriteLine(System.String,System.Boolean)
    Last step completed in 00:00:00.0790
</buildStep>
<buildStep step="CopyStandardContent">
Copying standard help content...
C:\Program Files (x86)\Sandcastle\\Presentation\VS2010\icons\1_404_bullet.gif -&gt; C:\Users\JariZ\Dropbox\www\jZmDocs\Working\Output\HtmlHelp1\icons\1_404_bullet.gif
C:\Program Files (x86)\Sandcastle\\Presentation\VS2010\icons\2_404_bullet.gif -&gt; C:\Users\JariZ\Dropbox\www\jZmDocs\Working\Output\HtmlHelp1\icons\2_404_bullet.gif
C:\Program Files (x86)\Sandcastle\\Presentation\VS2010\icons\alert_caution.gif -&gt; C:\Users\JariZ\Dropbox\www\jZmDocs\Working\Output\HtmlHelp1\icons\alert_caution.gif
C:\Program Files (x86)\Sandcastle\\Presentation\VS2010\icons\alert_note.gif -&gt; C:\Users\JariZ\Dropbox\www\jZmDocs\Working\Output\HtmlHelp1\icons\alert_note.gif
C:\Program Files (x86)\Sandcastle\\Presentation\VS2010\icons\alert_security.gif -&gt; C:\Users\JariZ\Dropbox\www\jZmDocs\Working\Output\HtmlHelp1\icons\alert_security.gif
C:\Program Files (x86)\Sandcastle\\Presentation\VS2010\icons\CFW.gif -&gt; C:\Users\JariZ\Dropbox\www\jZmDocs\Working\Output\HtmlHelp1\icons\CFW.gif
C:\Program Files (x86)\Sandcastle\\Presentation\VS2010\icons\close.gif -&gt; C:\Users\JariZ\Dropbox\www\jZmDocs\Working\Output\HtmlHelp1\icons\close.gif
C:\Program Files (x86)\Sandcastle\\Presentation\VS2010\icons\favicon.ico -&gt; C:\Users\JariZ\Dropbox\www\jZmDocs\Working\Output\HtmlHelp1\icons\favicon.ico
C:\Program Files (x86)\Sandcastle\\Presentation\VS2010\icons\footer_slice.gif -&gt; C:\Users\JariZ\Dropbox\www\jZmDocs\Working\Output\HtmlHelp1\icons\footer_slice.gif
C:\Program Files (x86)\Sandcastle\\Presentation\VS2010\icons\info_icon.gif -&gt; C:\Users\JariZ\Dropbox\www\jZmDocs\Working\Output\HtmlHelp1\icons\info_icon.gif
C:\Program Files (x86)\Sandcastle\\Presentation\VS2010\icons\note.gif -&gt; C:\Users\JariZ\Dropbox\www\jZmDocs\Working\Output\HtmlHelp1\icons\note.gif
C:\Program Files (x86)\Sandcastle\\Presentation\VS2010\icons\online_icon.gif -&gt; C:\Users\JariZ\Dropbox\www\jZmDocs\Working\Output\HtmlHelp1\icons\online_icon.gif
C:\Program Files (x86)\Sandcastle\\Presentation\VS2010\icons\open.gif -&gt; C:\Users\JariZ\Dropbox\www\jZmDocs\Working\Output\HtmlHelp1\icons\open.gif
C:\Program Files (x86)\Sandcastle\\Presentation\VS2010\icons\pencil.GIF -&gt; C:\Users\JariZ\Dropbox\www\jZmDocs\Working\Output\HtmlHelp1\icons\pencil.GIF
C:\Program Files (x86)\Sandcastle\\Presentation\VS2010\icons\privclass.gif -&gt; C:\Users\JariZ\Dropbox\www\jZmDocs\Working\Output\HtmlHelp1\icons\privclass.gif
C:\Program Files (x86)\Sandcastle\\Presentation\VS2010\icons\privdelegate.gif -&gt; C:\Users\JariZ\Dropbox\www\jZmDocs\Working\Output\HtmlHelp1\icons\privdelegate.gif
C:\Program Files (x86)\Sandcastle\\Presentation\VS2010\icons\privenumeration.gif -&gt; C:\Users\JariZ\Dropbox\www\jZmDocs\Working\Output\HtmlHelp1\icons\privenumeration.gif
C:\Program Files (x86)\Sandcastle\\Presentation\VS2010\icons\privevent.gif -&gt; C:\Users\JariZ\Dropbox\www\jZmDocs\Working\Output\HtmlHelp1\icons\privevent.gif
C:\Program Files (x86)\Sandcastle\\Presentation\VS2010\icons\privextension.gif -&gt; C:\Users\JariZ\Dropbox\www\jZmDocs\Working\Output\HtmlHelp1\icons\privextension.gif
C:\Program Files (x86)\Sandcastle\\Presentation\VS2010\icons\privfield.gif -&gt; C:\Users\JariZ\Dropbox\www\jZmDocs\Working\Output\HtmlHelp1\icons\privfield.gif
C:\Program Files (x86)\Sandcastle\\Presentation\VS2010\icons\privinterface.gif -&gt; C:\Users\JariZ\Dropbox\www\jZmDocs\Working\Output\HtmlHelp1\icons\privinterface.gif
C:\Program Files (x86)\Sandcastle\\Presentation\VS2010\icons\privmethod.gif -&gt; C:\Users\JariZ\Dropbox\www\jZmDocs\Working\Output\HtmlHelp1\icons\privmethod.gif
C:\Program Files (x86)\Sandcastle\\Presentation\VS2010\icons\privproperty.gif -&gt; C:\Users\JariZ\Dropbox\www\jZmDocs\Working\Output\HtmlHelp1\icons\privproperty.gif
C:\Program Files (x86)\Sandcastle\\Presentation\VS2010\icons\privstructure.gif -&gt; C:\Users\JariZ\Dropbox\www\jZmDocs\Working\Output\HtmlHelp1\icons\privstructure.gif
C:\Program Files (x86)\Sandcastle\\Presentation\VS2010\icons\protclass.gif -&gt; C:\Users\JariZ\Dropbox\www\jZmDocs\Working\Output\HtmlHelp1\icons\protclass.gif
C:\Program Files (x86)\Sandcastle\\Presentation\VS2010\icons\protdelegate.gif -&gt; C:\Users\JariZ\Dropbox\www\jZmDocs\Working\Output\HtmlHelp1\icons\protdelegate.gif
C:\Program Files (x86)\Sandcastle\\Presentation\VS2010\icons\protenumeration.gif -&gt; C:\Users\JariZ\Dropbox\www\jZmDocs\Working\Output\HtmlHelp1\icons\protenumeration.gif
C:\Program Files (x86)\Sandcastle\\Presentation\VS2010\icons\protevent.gif -&gt; C:\Users\JariZ\Dropbox\www\jZmDocs\Working\Output\HtmlHelp1\icons\protevent.gif
C:\Program Files (x86)\Sandcastle\\Presentation\VS2010\icons\protextension.gif -&gt; C:\Users\JariZ\Dropbox\www\jZmDocs\Working\Output\HtmlHelp1\icons\protextension.gif
C:\Program Files (x86)\Sandcastle\\Presentation\VS2010\icons\protfield.gif -&gt; C:\Users\JariZ\Dropbox\www\jZmDocs\Working\Output\HtmlHelp1\icons\protfield.gif
C:\Program Files (x86)\Sandcastle\\Presentation\VS2010\icons\protinterface.gif -&gt; C:\Users\JariZ\Dropbox\www\jZmDocs\Working\Output\HtmlHelp1\icons\protinterface.gif
C:\Program Files (x86)\Sandcastle\\Presentation\VS2010\icons\protmethod.gif -&gt; C:\Users\JariZ\Dropbox\www\jZmDocs\Working\Output\HtmlHelp1\icons\protmethod.gif
C:\Program Files (x86)\Sandcastle\\Presentation\VS2010\icons\protoperator.gif -&gt; C:\Users\JariZ\Dropbox\www\jZmDocs\Working\Output\HtmlHelp1\icons\protoperator.gif
C:\Program Files (x86)\Sandcastle\\Presentation\VS2010\icons\protproperty.gif -&gt; C:\Users\JariZ\Dropbox\www\jZmDocs\Working\Output\HtmlHelp1\icons\protproperty.gif
C:\Program Files (x86)\Sandcastle\\Presentation\VS2010\icons\protstructure.gif -&gt; C:\Users\JariZ\Dropbox\www\jZmDocs\Working\Output\HtmlHelp1\icons\protstructure.gif
C:\Program Files (x86)\Sandcastle\\Presentation\VS2010\icons\pubclass.gif -&gt; C:\Users\JariZ\Dropbox\www\jZmDocs\Working\Output\HtmlHelp1\icons\pubclass.gif
C:\Program Files (x86)\Sandcastle\\Presentation\VS2010\icons\pubdelegate.gif -&gt; C:\Users\JariZ\Dropbox\www\jZmDocs\Working\Output\HtmlHelp1\icons\pubdelegate.gif
C:\Program Files (x86)\Sandcastle\\Presentation\VS2010\icons\pubenumeration.gif -&gt; C:\Users\JariZ\Dropbox\www\jZmDocs\Working\Output\HtmlHelp1\icons\pubenumeration.gif
C:\Program Files (x86)\Sandcastle\\Presentation\VS2010\icons\pubevent.gif -&gt; C:\Users\JariZ\Dropbox\www\jZmDocs\Working\Output\HtmlHelp1\icons\pubevent.gif
C:\Program Files (x86)\Sandcastle\\Presentation\VS2010\icons\pubextension.gif -&gt; C:\Users\JariZ\Dropbox\www\jZmDocs\Working\Output\HtmlHelp1\icons\pubextension.gif
C:\Program Files (x86)\Sandcastle\\Presentation\VS2010\icons\pubfield.gif -&gt; C:\Users\JariZ\Dropbox\www\jZmDocs\Working\Output\HtmlHelp1\icons\pubfield.gif
C:\Program Files (x86)\Sandcastle\\Presentation\VS2010\icons\pubinterface.gif -&gt; C:\Users\JariZ\Dropbox\www\jZmDocs\Working\Output\HtmlHelp1\icons\pubinterface.gif
C:\Program Files (x86)\Sandcastle\\Presentation\VS2010\icons\pubmethod.gif -&gt; C:\Users\JariZ\Dropbox\www\jZmDocs\Working\Output\HtmlHelp1\icons\pubmethod.gif
C:\Program Files (x86)\Sandcastle\\Presentation\VS2010\icons\puboperator.gif -&gt; C:\Users\JariZ\Dropbox\www\jZmDocs\Working\Output\HtmlHelp1\icons\puboperator.gif
C:\Program Files (x86)\Sandcastle\\Presentation\VS2010\icons\pubproperty.gif -&gt; C:\Users\JariZ\Dropbox\www\jZmDocs\Working\Output\HtmlHelp1\icons\pubproperty.gif
C:\Program Files (x86)\Sandcastle\\Presentation\VS2010\icons\pubstructure.gif -&gt; C:\Users\JariZ\Dropbox\www\jZmDocs\Working\Output\HtmlHelp1\icons\pubstructure.gif
C:\Program Files (x86)\Sandcastle\\Presentation\VS2010\icons\search.gif -&gt; C:\Users\JariZ\Dropbox\www\jZmDocs\Working\Output\HtmlHelp1\icons\search.gif
C:\Program Files (x86)\Sandcastle\\Presentation\VS2010\icons\search_bk.gif -&gt; C:\Users\JariZ\Dropbox\www\jZmDocs\Working\Output\HtmlHelp1\icons\search_bk.gif
C:\Program Files (x86)\Sandcastle\\Presentation\VS2010\icons\security.gif -&gt; C:\Users\JariZ\Dropbox\www\jZmDocs\Working\Output\HtmlHelp1\icons\security.gif
C:\Program Files (x86)\Sandcastle\\Presentation\VS2010\icons\slMobile.gif -&gt; C:\Users\JariZ\Dropbox\www\jZmDocs\Working\Output\HtmlHelp1\icons\slMobile.gif
C:\Program Files (x86)\Sandcastle\\Presentation\VS2010\icons\static.gif -&gt; C:\Users\JariZ\Dropbox\www\jZmDocs\Working\Output\HtmlHelp1\icons\static.gif
C:\Program Files (x86)\Sandcastle\\Presentation\VS2010\icons\tabLeftBG.gif -&gt; C:\Users\JariZ\Dropbox\www\jZmDocs\Working\Output\HtmlHelp1\icons\tabLeftBG.gif
C:\Program Files (x86)\Sandcastle\\Presentation\VS2010\icons\tabRightBG.gif -&gt; C:\Users\JariZ\Dropbox\www\jZmDocs\Working\Output\HtmlHelp1\icons\tabRightBG.gif
C:\Program Files (x86)\Sandcastle\\Presentation\VS2010\icons\ui_om_collapse.gif -&gt; C:\Users\JariZ\Dropbox\www\jZmDocs\Working\Output\HtmlHelp1\icons\ui_om_collapse.gif
C:\Program Files (x86)\Sandcastle\\Presentation\VS2010\icons\ui_om_expand.gif -&gt; C:\Users\JariZ\Dropbox\www\jZmDocs\Working\Output\HtmlHelp1\icons\ui_om_expand.gif
C:\Program Files (x86)\Sandcastle\\Presentation\VS2010\icons\xna.gif -&gt; C:\Users\JariZ\Dropbox\www\jZmDocs\Working\Output\HtmlHelp1\icons\xna.gif
C:\Program Files (x86)\Sandcastle\\Presentation\VS2010\scripts\branding.js -&gt; C:\Users\JariZ\Dropbox\www\jZmDocs\Working\Output\HtmlHelp1\scripts\branding.js
C:\Program Files (x86)\Sandcastle\\Presentation\VS2010\styles\branding-cs-CZ.css -&gt; C:\Users\JariZ\Dropbox\www\jZmDocs\Working\Output\HtmlHelp1\styles\branding-cs-CZ.css
C:\Program Files (x86)\Sandcastle\\Presentation\VS2010\styles\branding-de-DE.css -&gt; C:\Users\JariZ\Dropbox\www\jZmDocs\Working\Output\HtmlHelp1\styles\branding-de-DE.css
C:\Program Files (x86)\Sandcastle\\Presentation\VS2010\styles\branding-en-US.css -&gt; C:\Users\JariZ\Dropbox\www\jZmDocs\Working\Output\HtmlHelp1\styles\branding-en-US.css
C:\Program Files (x86)\Sandcastle\\Presentation\VS2010\styles\branding-es-ES.css -&gt; C:\Users\JariZ\Dropbox\www\jZmDocs\Working\Output\HtmlHelp1\styles\branding-es-ES.css
C:\Program Files (x86)\Sandcastle\\Presentation\VS2010\styles\branding-fr-FR.css -&gt; C:\Users\JariZ\Dropbox\www\jZmDocs\Working\Output\HtmlHelp1\styles\branding-fr-FR.css
C:\Program Files (x86)\Sandcastle\\Presentation\VS2010\styles\branding-it-IT.css -&gt; C:\Users\JariZ\Dropbox\www\jZmDocs\Working\Output\HtmlHelp1\styles\branding-it-IT.css
C:\Program Files (x86)\Sandcastle\\Presentation\VS2010\styles\branding-ja-JP.css -&gt; C:\Users\JariZ\Dropbox\www\jZmDocs\Working\Output\HtmlHelp1\styles\branding-ja-JP.css
C:\Program Files (x86)\Sandcastle\\Presentation\VS2010\styles\branding-ko-KR.css -&gt; C:\Users\JariZ\Dropbox\www\jZmDocs\Working\Output\HtmlHelp1\styles\branding-ko-KR.css
C:\Program Files (x86)\Sandcastle\\Presentation\VS2010\styles\branding-pl-PL.css -&gt; C:\Users\JariZ\Dropbox\www\jZmDocs\Working\Output\HtmlHelp1\styles\branding-pl-PL.css
C:\Program Files (x86)\Sandcastle\\Presentation\VS2010\styles\branding-pt-BR.css -&gt; C:\Users\JariZ\Dropbox\www\jZmDocs\Working\Output\HtmlHelp1\styles\branding-pt-BR.css
C:\Program Files (x86)\Sandcastle\\Presentation\VS2010\styles\branding-ru-RU.css -&gt; C:\Users\JariZ\Dropbox\www\jZmDocs\Working\Output\HtmlHelp1\styles\branding-ru-RU.css
C:\Program Files (x86)\Sandcastle\\Presentation\VS2010\styles\branding-tr-TR.css -&gt; C:\Users\JariZ\Dropbox\www\jZmDocs\Working\Output\HtmlHelp1\styles\branding-tr-TR.css
C:\Program Files (x86)\Sandcastle\\Presentation\VS2010\styles\branding-zh-CN.css -&gt; C:\Users\JariZ\Dropbox\www\jZmDocs\Working\Output\HtmlHelp1\styles\branding-zh-CN.css
C:\Program Files (x86)\Sandcastle\\Presentation\VS2010\styles\branding-zh-TW.css -&gt; C:\Users\JariZ\Dropbox\www\jZmDocs\Working\Output\HtmlHelp1\styles\branding-zh-TW.css
C:\Program Files (x86)\Sandcastle\\Presentation\VS2010\styles\branding.css -&gt; C:\Users\JariZ\Dropbox\www\jZmDocs\Working\Output\HtmlHelp1\styles\branding.css
Copying help branding...
C:\Program Files (x86)\Sandcastle\\Presentation\VS2010\branding\dev10.mshc -&gt; C:\Users\JariZ\Dropbox\www\jZmDocs\Working\Output\HtmlHelp1\branding\
C:\Program Files (x86)\Sandcastle\\Presentation\VS2010\branding\dev10.mshc -&gt; C:\Users\JariZ\Dropbox\www\jZmDocs\Working\branding
    C:\Program Files (x86)\Sandcastle\\Presentation\VS2010\branding\dev10.mshc/body.xslt -> C:\Users\JariZ\Dropbox\www\jZmDocs\Working\branding\body.xslt
    C:\Program Files (x86)\Sandcastle\\Presentation\VS2010\branding\dev10.mshc/head.xslt -> C:\Users\JariZ\Dropbox\www\jZmDocs\Working\branding\head.xslt
    C:\Program Files (x86)\Sandcastle\\Presentation\VS2010\branding\dev10.mshc/CodeSnippet.xslt -> C:\Users\JariZ\Dropbox\www\jZmDocs\Working\branding\CodeSnippet.xslt
    C:\Program Files (x86)\Sandcastle\\Presentation\VS2010\branding\dev10.mshc/codesnippet-cs-CZ.xslt -> C:\Users\JariZ\Dropbox\www\jZmDocs\Working\branding\codesnippet-cs-CZ.xslt
    C:\Program Files (x86)\Sandcastle\\Presentation\VS2010\branding\dev10.mshc/codesnippet-de-DE.xslt -> C:\Users\JariZ\Dropbox\www\jZmDocs\Working\branding\codesnippet-de-DE.xslt
    C:\Program Files (x86)\Sandcastle\\Presentation\VS2010\branding\dev10.mshc/codesnippet-en-US.xslt -> C:\Users\JariZ\Dropbox\www\jZmDocs\Working\branding\codesnippet-en-US.xslt
    C:\Program Files (x86)\Sandcastle\\Presentation\VS2010\branding\dev10.mshc/codesnippet-es-ES.xslt -> C:\Users\JariZ\Dropbox\www\jZmDocs\Working\branding\codesnippet-es-ES.xslt
    C:\Program Files (x86)\Sandcastle\\Presentation\VS2010\branding\dev10.mshc/codesnippet-fr-FR.xslt -> C:\Users\JariZ\Dropbox\www\jZmDocs\Working\branding\codesnippet-fr-FR.xslt
    C:\Program Files (x86)\Sandcastle\\Presentation\VS2010\branding\dev10.mshc/codesnippet-it-IT.xslt -> C:\Users\JariZ\Dropbox\www\jZmDocs\Working\branding\codesnippet-it-IT.xslt
    C:\Program Files (x86)\Sandcastle\\Presentation\VS2010\branding\dev10.mshc/codesnippet-ja-JP.xslt -> C:\Users\JariZ\Dropbox\www\jZmDocs\Working\branding\codesnippet-ja-JP.xslt
    C:\Program Files (x86)\Sandcastle\\Presentation\VS2010\branding\dev10.mshc/codesnippet-ko-KR.xslt -> C:\Users\JariZ\Dropbox\www\jZmDocs\Working\branding\codesnippet-ko-KR.xslt
    C:\Program Files (x86)\Sandcastle\\Presentation\VS2010\branding\dev10.mshc/codesnippet-pl-PL.xslt -> C:\Users\JariZ\Dropbox\www\jZmDocs\Working\branding\codesnippet-pl-PL.xslt
    C:\Program Files (x86)\Sandcastle\\Presentation\VS2010\branding\dev10.mshc/codesnippet-pt-BR.xslt -> C:\Users\JariZ\Dropbox\www\jZmDocs\Working\branding\codesnippet-pt-BR.xslt
    C:\Program Files (x86)\Sandcastle\\Presentation\VS2010\branding\dev10.mshc/codesnippet-ru-RU.xslt -> C:\Users\JariZ\Dropbox\www\jZmDocs\Working\branding\codesnippet-ru-RU.xslt
    C:\Program Files (x86)\Sandcastle\\Presentation\VS2010\branding\dev10.mshc/codesnippet-tr-TR.xslt -> C:\Users\JariZ\Dropbox\www\jZmDocs\Working\branding\codesnippet-tr-TR.xslt
    C:\Program Files (x86)\Sandcastle\\Presentation\VS2010\branding\dev10.mshc/codesnippet-zh-CN.xslt -> C:\Users\JariZ\Dropbox\www\jZmDocs\Working\branding\codesnippet-zh-CN.xslt
    C:\Program Files (x86)\Sandcastle\\Presentation\VS2010\branding\dev10.mshc/codesnippet-zh-TW.xslt -> C:\Users\JariZ\Dropbox\www\jZmDocs\Working\branding\codesnippet-zh-TW.xslt
    C:\Program Files (x86)\Sandcastle\\Presentation\VS2010\branding\dev10.mshc/Identity.xslt -> C:\Users\JariZ\Dropbox\www\jZmDocs\Working\branding\Identity.xslt
    C:\Program Files (x86)\Sandcastle\\Presentation\VS2010\branding\dev10.mshc/InstrumentedLink.xslt -> C:\Users\JariZ\Dropbox\www\jZmDocs\Working\branding\InstrumentedLink.xslt
    C:\Program Files (x86)\Sandcastle\\Presentation\VS2010\branding\dev10.mshc/instrumentedlink-cs-CZ.xslt -> C:\Users\JariZ\Dropbox\www\jZmDocs\Working\branding\instrumentedlink-cs-CZ.xslt
    C:\Program Files (x86)\Sandcastle\\Presentation\VS2010\branding\dev10.mshc/instrumentedlink-de-DE.xslt -> C:\Users\JariZ\Dropbox\www\jZmDocs\Working\branding\instrumentedlink-de-DE.xslt
    C:\Program Files (x86)\Sandcastle\\Presentation\VS2010\branding\dev10.mshc/instrumentedlink-en-US.xslt -> C:\Users\JariZ\Dropbox\www\jZmDocs\Working\branding\instrumentedlink-en-US.xslt
    C:\Program Files (x86)\Sandcastle\\Presentation\VS2010\branding\dev10.mshc/instrumentedlink-es-ES.xslt -> C:\Users\JariZ\Dropbox\www\jZmDocs\Working\branding\instrumentedlink-es-ES.xslt
    C:\Program Files (x86)\Sandcastle\\Presentation\VS2010\branding\dev10.mshc/instrumentedlink-fr-FR.xslt -> C:\Users\JariZ\Dropbox\www\jZmDocs\Working\branding\instrumentedlink-fr-FR.xslt
    C:\Program Files (x86)\Sandcastle\\Presentation\VS2010\branding\dev10.mshc/instrumentedlink-it-IT.xslt -> C:\Users\JariZ\Dropbox\www\jZmDocs\Working\branding\instrumentedlink-it-IT.xslt
    C:\Program Files (x86)\Sandcastle\\Presentation\VS2010\branding\dev10.mshc/instrumentedlink-ja-JP.xslt -> C:\Users\JariZ\Dropbox\www\jZmDocs\Working\branding\instrumentedlink-ja-JP.xslt
    C:\Program Files (x86)\Sandcastle\\Presentation\VS2010\branding\dev10.mshc/instrumentedlink-ko-KR.xslt -> C:\Users\JariZ\Dropbox\www\jZmDocs\Working\branding\instrumentedlink-ko-KR.xslt
    C:\Program Files (x86)\Sandcastle\\Presentation\VS2010\branding\dev10.mshc/instrumentedlink-pl-PL.xslt -> C:\Users\JariZ\Dropbox\www\jZmDocs\Working\branding\instrumentedlink-pl-PL.xslt
    C:\Program Files (x86)\Sandcastle\\Presentation\VS2010\branding\dev10.mshc/instrumentedlink-pt-BR.xslt -> C:\Users\JariZ\Dropbox\www\jZmDocs\Working\branding\instrumentedlink-pt-BR.xslt
    C:\Program Files (x86)\Sandcastle\\Presentation\VS2010\branding\dev10.mshc/instrumentedlink-ru-RU.xslt -> C:\Users\JariZ\Dropbox\www\jZmDocs\Working\branding\instrumentedlink-ru-RU.xslt
    C:\Program Files (x86)\Sandcastle\\Presentation\VS2010\branding\dev10.mshc/instrumentedlink-tr-TR.xslt -> C:\Users\JariZ\Dropbox\www\jZmDocs\Working\branding\instrumentedlink-tr-TR.xslt
    C:\Program Files (x86)\Sandcastle\\Presentation\VS2010\branding\dev10.mshc/instrumentedlink-zh-CN.xslt -> C:\Users\JariZ\Dropbox\www\jZmDocs\Working\branding\instrumentedlink-zh-CN.xslt
    C:\Program Files (x86)\Sandcastle\\Presentation\VS2010\branding\dev10.mshc/instrumentedlink-zh-TW.xslt -> C:\Users\JariZ\Dropbox\www\jZmDocs\Working\branding\instrumentedlink-zh-TW.xslt
    C:\Program Files (x86)\Sandcastle\\Presentation\VS2010\branding\dev10.mshc/LanguageSpecificText.xslt -> C:\Users\JariZ\Dropbox\www\jZmDocs\Working\branding\LanguageSpecificText.xslt
    C:\Program Files (x86)\Sandcastle\\Presentation\VS2010\branding\dev10.mshc/MultiViewTable.xslt -> C:\Users\JariZ\Dropbox\www\jZmDocs\Working\branding\MultiViewTable.xslt
    C:\Program Files (x86)\Sandcastle\\Presentation\VS2010\branding\dev10.mshc/MultiViewTable-cs-CZ.xslt -> C:\Users\JariZ\Dropbox\www\jZmDocs\Working\branding\MultiViewTable-cs-CZ.xslt
    C:\Program Files (x86)\Sandcastle\\Presentation\VS2010\branding\dev10.mshc/MultiViewTable-de-DE.xslt -> C:\Users\JariZ\Dropbox\www\jZmDocs\Working\branding\MultiViewTable-de-DE.xslt
    C:\Program Files (x86)\Sandcastle\\Presentation\VS2010\branding\dev10.mshc/MultiViewTable-en-US.xslt -> C:\Users\JariZ\Dropbox\www\jZmDocs\Working\branding\MultiViewTable-en-US.xslt
    C:\Program Files (x86)\Sandcastle\\Presentation\VS2010\branding\dev10.mshc/MultiViewTable-es-ES.xslt -> C:\Users\JariZ\Dropbox\www\jZmDocs\Working\branding\MultiViewTable-es-ES.xslt
    C:\Program Files (x86)\Sandcastle\\Presentation\VS2010\branding\dev10.mshc/MultiViewTable-fr-FR.xslt -> C:\Users\JariZ\Dropbox\www\jZmDocs\Working\branding\MultiViewTable-fr-FR.xslt
    C:\Program Files (x86)\Sandcastle\\Presentation\VS2010\branding\dev10.mshc/MultiViewTable-it-IT.xslt -> C:\Users\JariZ\Dropbox\www\jZmDocs\Working\branding\MultiViewTable-it-IT.xslt
    C:\Program Files (x86)\Sandcastle\\Presentation\VS2010\branding\dev10.mshc/MultiViewTable-ja-JP.xslt -> C:\Users\JariZ\Dropbox\www\jZmDocs\Working\branding\MultiViewTable-ja-JP.xslt
    C:\Program Files (x86)\Sandcastle\\Presentation\VS2010\branding\dev10.mshc/MultiViewTable-ko-KR.xslt -> C:\Users\JariZ\Dropbox\www\jZmDocs\Working\branding\MultiViewTable-ko-KR.xslt
    C:\Program Files (x86)\Sandcastle\\Presentation\VS2010\branding\dev10.mshc/MultiViewTable-pl-PL.xslt -> C:\Users\JariZ\Dropbox\www\jZmDocs\Working\branding\MultiViewTable-pl-PL.xslt
    C:\Program Files (x86)\Sandcastle\\Presentation\VS2010\branding\dev10.mshc/MultiViewTable-pt-BR.xslt -> C:\Users\JariZ\Dropbox\www\jZmDocs\Working\branding\MultiViewTable-pt-BR.xslt
    C:\Program Files (x86)\Sandcastle\\Presentation\VS2010\branding\dev10.mshc/MultiViewTable-ru-RU.xslt -> C:\Users\JariZ\Dropbox\www\jZmDocs\Working\branding\MultiViewTable-ru-RU.xslt
    C:\Program Files (x86)\Sandcastle\\Presentation\VS2010\branding\dev10.mshc/MultiViewTable-tr-TR.xslt -> C:\Users\JariZ\Dropbox\www\jZmDocs\Working\branding\MultiViewTable-tr-TR.xslt
    C:\Program Files (x86)\Sandcastle\\Presentation\VS2010\branding\dev10.mshc/MultiViewTable-zh-CN.xslt -> C:\Users\JariZ\Dropbox\www\jZmDocs\Working\branding\MultiViewTable-zh-CN.xslt
    C:\Program Files (x86)\Sandcastle\\Presentation\VS2010\branding\dev10.mshc/MultiViewTable-zh-TW.xslt -> C:\Users\JariZ\Dropbox\www\jZmDocs\Working\branding\MultiViewTable-zh-TW.xslt
    C:\Program Files (x86)\Sandcastle\\Presentation\VS2010\branding\dev10.mshc/index.xslt -> C:\Users\JariZ\Dropbox\www\jZmDocs\Working\branding\index.xslt
    C:\Program Files (x86)\Sandcastle\\Presentation\VS2010\branding\dev10.mshc/index-cs-CZ.xslt -> C:\Users\JariZ\Dropbox\www\jZmDocs\Working\branding\index-cs-CZ.xslt
    C:\Program Files (x86)\Sandcastle\\Presentation\VS2010\branding\dev10.mshc/index-de-DE.xslt -> C:\Users\JariZ\Dropbox\www\jZmDocs\Working\branding\index-de-DE.xslt
    C:\Program Files (x86)\Sandcastle\\Presentation\VS2010\branding\dev10.mshc/index-en-US.xslt -> C:\Users\JariZ\Dropbox\www\jZmDocs\Working\branding\index-en-US.xslt
    C:\Program Files (x86)\Sandcastle\\Presentation\VS2010\branding\dev10.mshc/index-es-ES.xslt -> C:\Users\JariZ\Dropbox\www\jZmDocs\Working\branding\index-es-ES.xslt
    C:\Program Files (x86)\Sandcastle\\Presentation\VS2010\branding\dev10.mshc/index-fr-FR.xslt -> C:\Users\JariZ\Dropbox\www\jZmDocs\Working\branding\index-fr-FR.xslt
    C:\Program Files (x86)\Sandcastle\\Presentation\VS2010\branding\dev10.mshc/index-it-IT.xslt -> C:\Users\JariZ\Dropbox\www\jZmDocs\Working\branding\index-it-IT.xslt
    C:\Program Files (x86)\Sandcastle\\Presentation\VS2010\branding\dev10.mshc/index-ja-JP.xslt -> C:\Users\JariZ\Dropbox\www\jZmDocs\Working\branding\index-ja-JP.xslt
    C:\Program Files (x86)\Sandcastle\\Presentation\VS2010\branding\dev10.mshc/index-ko-KR.xslt -> C:\Users\JariZ\Dropbox\www\jZmDocs\Working\branding\index-ko-KR.xslt
    C:\Program Files (x86)\Sandcastle\\Presentation\VS2010\branding\dev10.mshc/index-pl-PL.xslt -> C:\Users\JariZ\Dropbox\www\jZmDocs\Working\branding\index-pl-PL.xslt
    C:\Program Files (x86)\Sandcastle\\Presentation\VS2010\branding\dev10.mshc/index-pt-BR.xslt -> C:\Users\JariZ\Dropbox\www\jZmDocs\Working\branding\index-pt-BR.xslt
    C:\Program Files (x86)\Sandcastle\\Presentation\VS2010\branding\dev10.mshc/index-ru-RU.xslt -> C:\Users\JariZ\Dropbox\www\jZmDocs\Working\branding\index-ru-RU.xslt
    C:\Program Files (x86)\Sandcastle\\Presentation\VS2010\branding\dev10.mshc/index-tr-TR.xslt -> C:\Users\JariZ\Dropbox\www\jZmDocs\Working\branding\index-tr-TR.xslt
    C:\Program Files (x86)\Sandcastle\\Presentation\VS2010\branding\dev10.mshc/index-zh-CN.xslt -> C:\Users\JariZ\Dropbox\www\jZmDocs\Working\branding\index-zh-CN.xslt
    C:\Program Files (x86)\Sandcastle\\Presentation\VS2010\branding\dev10.mshc/index-zh-TW.xslt -> C:\Users\JariZ\Dropbox\www\jZmDocs\Working\branding\index-zh-TW.xslt
    C:\Program Files (x86)\Sandcastle\\Presentation\VS2010\branding\dev10.mshc/search.xslt -> C:\Users\JariZ\Dropbox\www\jZmDocs\Working\branding\search.xslt
    C:\Program Files (x86)\Sandcastle\\Presentation\VS2010\branding\dev10.mshc/search-cs-CZ.xslt -> C:\Users\JariZ\Dropbox\www\jZmDocs\Working\branding\search-cs-CZ.xslt
    C:\Program Files (x86)\Sandcastle\\Presentation\VS2010\branding\dev10.mshc/search-de-DE.xslt -> C:\Users\JariZ\Dropbox\www\jZmDocs\Working\branding\search-de-DE.xslt
    C:\Program Files (x86)\Sandcastle\\Presentation\VS2010\branding\dev10.mshc/search-en-US.xslt -> C:\Users\JariZ\Dropbox\www\jZmDocs\Working\branding\search-en-US.xslt
    C:\Program Files (x86)\Sandcastle\\Presentation\VS2010\branding\dev10.mshc/search-es-ES.xslt -> C:\Users\JariZ\Dropbox\www\jZmDocs\Working\branding\search-es-ES.xslt
    C:\Program Files (x86)\Sandcastle\\Presentation\VS2010\branding\dev10.mshc/search-fr-FR.xslt -> C:\Users\JariZ\Dropbox\www\jZmDocs\Working\branding\search-fr-FR.xslt
    C:\Program Files (x86)\Sandcastle\\Presentation\VS2010\branding\dev10.mshc/search-it-IT.xslt -> C:\Users\JariZ\Dropbox\www\jZmDocs\Working\branding\search-it-IT.xslt
    C:\Program Files (x86)\Sandcastle\\Presentation\VS2010\branding\dev10.mshc/search-ja-JP.xslt -> C:\Users\JariZ\Dropbox\www\jZmDocs\Working\branding\search-ja-JP.xslt
    C:\Program Files (x86)\Sandcastle\\Presentation\VS2010\branding\dev10.mshc/search-ko-KR.xslt -> C:\Users\JariZ\Dropbox\www\jZmDocs\Working\branding\search-ko-KR.xslt
    C:\Program Files (x86)\Sandcastle\\Presentation\VS2010\branding\dev10.mshc/search-pl-PL.xslt -> C:\Users\JariZ\Dropbox\www\jZmDocs\Working\branding\search-pl-PL.xslt
    C:\Program Files (x86)\Sandcastle\\Presentation\VS2010\branding\dev10.mshc/search-pt-BR.xslt -> C:\Users\JariZ\Dropbox\www\jZmDocs\Working\branding\search-pt-BR.xslt
    C:\Program Files (x86)\Sandcastle\\Presentation\VS2010\branding\dev10.mshc/search-ru-RU.xslt -> C:\Users\JariZ\Dropbox\www\jZmDocs\Working\branding\search-ru-RU.xslt
    C:\Program Files (x86)\Sandcastle\\Presentation\VS2010\branding\dev10.mshc/search-tr-TR.xslt -> C:\Users\JariZ\Dropbox\www\jZmDocs\Working\branding\search-tr-TR.xslt
    C:\Program Files (x86)\Sandcastle\\Presentation\VS2010\branding\dev10.mshc/search-zh-CN.xslt -> C:\Users\JariZ\Dropbox\www\jZmDocs\Working\branding\search-zh-CN.xslt
    C:\Program Files (x86)\Sandcastle\\Presentation\VS2010\branding\dev10.mshc/search-zh-TW.xslt -> C:\Users\JariZ\Dropbox\www\jZmDocs\Working\branding\search-zh-TW.xslt
    C:\Program Files (x86)\Sandcastle\\Presentation\VS2010\branding\dev10.mshc/toc.xslt -> C:\Users\JariZ\Dropbox\www\jZmDocs\Working\branding\toc.xslt
    C:\Program Files (x86)\Sandcastle\\Presentation\VS2010\branding\dev10.mshc/toc-cs-CZ.xslt -> C:\Users\JariZ\Dropbox\www\jZmDocs\Working\branding\toc-cs-CZ.xslt
    C:\Program Files (x86)\Sandcastle\\Presentation\VS2010\branding\dev10.mshc/toc-de-DE.xslt -> C:\Users\JariZ\Dropbox\www\jZmDocs\Working\branding\toc-de-DE.xslt
    C:\Program Files (x86)\Sandcastle\\Presentation\VS2010\branding\dev10.mshc/toc-en-US.xslt -> C:\Users\JariZ\Dropbox\www\jZmDocs\Working\branding\toc-en-US.xslt
    C:\Program Files (x86)\Sandcastle\\Presentation\VS2010\branding\dev10.mshc/toc-es-ES.xslt -> C:\Users\JariZ\Dropbox\www\jZmDocs\Working\branding\toc-es-ES.xslt
    C:\Program Files (x86)\Sandcastle\\Presentation\VS2010\branding\dev10.mshc/toc-fr-FR.xslt -> C:\Users\JariZ\Dropbox\www\jZmDocs\Working\branding\toc-fr-FR.xslt
    C:\Program Files (x86)\Sandcastle\\Presentation\VS2010\branding\dev10.mshc/toc-it-IT.xslt -> C:\Users\JariZ\Dropbox\www\jZmDocs\Working\branding\toc-it-IT.xslt
    C:\Program Files (x86)\Sandcastle\\Presentation\VS2010\branding\dev10.mshc/toc-ja-JP.xslt -> C:\Users\JariZ\Dropbox\www\jZmDocs\Working\branding\toc-ja-JP.xslt
    C:\Program Files (x86)\Sandcastle\\Presentation\VS2010\branding\dev10.mshc/toc-ko-KR.xslt -> C:\Users\JariZ\Dropbox\www\jZmDocs\Working\branding\toc-ko-KR.xslt
    C:\Program Files (x86)\Sandcastle\\Presentation\VS2010\branding\dev10.mshc/toc-pl-PL.xslt -> C:\Users\JariZ\Dropbox\www\jZmDocs\Working\branding\toc-pl-PL.xslt
    C:\Program Files (x86)\Sandcastle\\Presentation\VS2010\branding\dev10.mshc/toc-pt-BR.xslt -> C:\Users\JariZ\Dropbox\www\jZmDocs\Working\branding\toc-pt-BR.xslt
    C:\Program Files (x86)\Sandcastle\\Presentation\VS2010\branding\dev10.mshc/toc-ru-RU.xslt -> C:\Users\JariZ\Dropbox\www\jZmDocs\Working\branding\toc-ru-RU.xslt
    C:\Program Files (x86)\Sandcastle\\Presentation\VS2010\branding\dev10.mshc/toc-tr-TR.xslt -> C:\Users\JariZ\Dropbox\www\jZmDocs\Working\branding\toc-tr-TR.xslt
    C:\Program Files (x86)\Sandcastle\\Presentation\VS2010\branding\dev10.mshc/toc-zh-CN.xslt -> C:\Users\JariZ\Dropbox\www\jZmDocs\Working\branding\toc-zh-CN.xslt
    C:\Program Files (x86)\Sandcastle\\Presentation\VS2010\branding\dev10.mshc/toc-zh-TW.xslt -> C:\Users\JariZ\Dropbox\www\jZmDocs\Working\branding\toc-zh-TW.xslt
C:\Program Files (x86)\Sandcastle\\Presentation\VS2010\branding -&gt; C:\Users\JariZ\Dropbox\www\jZmDocs\Working\Output\HtmlHelp1\branding\
C:\Program Files (x86)\Sandcastle\\Presentation\VS2010\branding -&gt; C:\Users\JariZ\Dropbox\www\jZmDocs\Working\branding
    C:\Program Files (x86)\Sandcastle\Presentation\VS2010\branding\branding.xml -> C:\Users\JariZ\Dropbox\www\jZmDocs\Working\branding\branding.xml
    C:\Program Files (x86)\Sandcastle\Presentation\VS2010\branding\branding.xslt -> C:\Users\JariZ\Dropbox\www\jZmDocs\Working\branding\branding.xslt
    C:\Program Files (x86)\Sandcastle\Presentation\VS2010\branding\branding-cs-CZ.xslt -> C:\Users\JariZ\Dropbox\www\jZmDocs\Working\branding\branding-cs-CZ.xslt
    C:\Program Files (x86)\Sandcastle\Presentation\VS2010\branding\branding-de-DE.xslt -> C:\Users\JariZ\Dropbox\www\jZmDocs\Working\branding\branding-de-DE.xslt
    C:\Program Files (x86)\Sandcastle\Presentation\VS2010\branding\branding-en-US.xslt -> C:\Users\JariZ\Dropbox\www\jZmDocs\Working\branding\branding-en-US.xslt
    C:\Program Files (x86)\Sandcastle\Presentation\VS2010\branding\branding-es-ES.xslt -> C:\Users\JariZ\Dropbox\www\jZmDocs\Working\branding\branding-es-ES.xslt
    C:\Program Files (x86)\Sandcastle\Presentation\VS2010\branding\branding-fr-FR.xslt -> C:\Users\JariZ\Dropbox\www\jZmDocs\Working\branding\branding-fr-FR.xslt
    C:\Program Files (x86)\Sandcastle\Presentation\VS2010\branding\branding-it-IT.xslt -> C:\Users\JariZ\Dropbox\www\jZmDocs\Working\branding\branding-it-IT.xslt
    C:\Program Files (x86)\Sandcastle\Presentation\VS2010\branding\branding-ja-JP.xslt -> C:\Users\JariZ\Dropbox\www\jZmDocs\Working\branding\branding-ja-JP.xslt
    C:\Program Files (x86)\Sandcastle\Presentation\VS2010\branding\branding-ko-KR.xslt -> C:\Users\JariZ\Dropbox\www\jZmDocs\Working\branding\branding-ko-KR.xslt
    C:\Program Files (x86)\Sandcastle\Presentation\VS2010\branding\branding-pl-PL.xslt -> C:\Users\JariZ\Dropbox\www\jZmDocs\Working\branding\branding-pl-PL.xslt
    C:\Program Files (x86)\Sandcastle\Presentation\VS2010\branding\branding-pt-BR.xslt -> C:\Users\JariZ\Dropbox\www\jZmDocs\Working\branding\branding-pt-BR.xslt
    C:\Program Files (x86)\Sandcastle\Presentation\VS2010\branding\branding-ru-RU.xslt -> C:\Users\JariZ\Dropbox\www\jZmDocs\Working\branding\branding-ru-RU.xslt
    C:\Program Files (x86)\Sandcastle\Presentation\VS2010\branding\branding-tr-TR.xslt -> C:\Users\JariZ\Dropbox\www\jZmDocs\Working\branding\branding-tr-TR.xslt
    C:\Program Files (x86)\Sandcastle\Presentation\VS2010\branding\branding-zh-CN.xslt -> C:\Users\JariZ\Dropbox\www\jZmDocs\Working\branding\branding-zh-CN.xslt
    C:\Program Files (x86)\Sandcastle\Presentation\VS2010\branding\branding-zh-TW.xslt -> C:\Users\JariZ\Dropbox\www\jZmDocs\Working\branding\branding-zh-TW.xslt
    C:\Program Files (x86)\Sandcastle\Presentation\VS2010\branding\ps-body.xslt -> C:\Users\JariZ\Dropbox\www\jZmDocs\Working\branding\ps-body.xslt
    C:\Program Files (x86)\Sandcastle\Presentation\VS2010\branding\ps-head.xslt -> C:\Users\JariZ\Dropbox\www\jZmDocs\Working\branding\ps-head.xslt
    C:\Program Files (x86)\Sandcastle\Presentation\VS2010\branding\ps-foot.xslt -> C:\Users\JariZ\Dropbox\www\jZmDocs\Working\branding\ps-foot.xslt
    C:\Program Files (x86)\Sandcastle\Presentation\VS2010\branding\ps-collapsibleArea.xslt -> C:\Users\JariZ\Dropbox\www\jZmDocs\Working\branding\ps-collapsibleArea.xslt
    C:\Program Files (x86)\Sandcastle\Presentation\VS2010\branding\ps-instrumentedLink.xslt -> C:\Users\JariZ\Dropbox\www\jZmDocs\Working\branding\ps-instrumentedLink.xslt
    C:\Program Files (x86)\Sandcastle\Presentation\VS2010\branding\ps-languageSpecificText.xslt -> C:\Users\JariZ\Dropbox\www\jZmDocs\Working\branding\ps-languageSpecificText.xslt
    C:\Program Files (x86)\Sandcastle\Presentation\VS2010\branding\ps-codesnippet.xslt -> C:\Users\JariZ\Dropbox\www\jZmDocs\Working\branding\ps-codesnippet.xslt
C:\Program Files (x86)\Sandcastle\\Presentation\VS2010\icons\1_404_bullet.gif -&gt; C:\Users\JariZ\Dropbox\www\jZmDocs\Working\Output\Website\icons\1_404_bullet.gif
C:\Program Files (x86)\Sandcastle\\Presentation\VS2010\icons\2_404_bullet.gif -&gt; C:\Users\JariZ\Dropbox\www\jZmDocs\Working\Output\Website\icons\2_404_bullet.gif
C:\Program Files (x86)\Sandcastle\\Presentation\VS2010\icons\alert_caution.gif -&gt; C:\Users\JariZ\Dropbox\www\jZmDocs\Working\Output\Website\icons\alert_caution.gif
C:\Program Files (x86)\Sandcastle\\Presentation\VS2010\icons\alert_note.gif -&gt; C:\Users\JariZ\Dropbox\www\jZmDocs\Working\Output\Website\icons\alert_note.gif
C:\Program Files (x86)\Sandcastle\\Presentation\VS2010\icons\alert_security.gif -&gt; C:\Users\JariZ\Dropbox\www\jZmDocs\Working\Output\Website\icons\alert_security.gif
C:\Program Files (x86)\Sandcastle\\Presentation\VS2010\icons\CFW.gif -&gt; C:\Users\JariZ\Dropbox\www\jZmDocs\Working\Output\Website\icons\CFW.gif
C:\Program Files (x86)\Sandcastle\\Presentation\VS2010\icons\close.gif -&gt; C:\Users\JariZ\Dropbox\www\jZmDocs\Working\Output\Website\icons\close.gif
C:\Program Files (x86)\Sandcastle\\Presentation\VS2010\icons\favicon.ico -&gt; C:\Users\JariZ\Dropbox\www\jZmDocs\Working\Output\Website\icons\favicon.ico
C:\Program Files (x86)\Sandcastle\\Presentation\VS2010\icons\footer_slice.gif -&gt; C:\Users\JariZ\Dropbox\www\jZmDocs\Working\Output\Website\icons\footer_slice.gif
C:\Program Files (x86)\Sandcastle\\Presentation\VS2010\icons\info_icon.gif -&gt; C:\Users\JariZ\Dropbox\www\jZmDocs\Working\Output\Website\icons\info_icon.gif
C:\Program Files (x86)\Sandcastle\\Presentation\VS2010\icons\note.gif -&gt; C:\Users\JariZ\Dropbox\www\jZmDocs\Working\Output\Website\icons\note.gif
C:\Program Files (x86)\Sandcastle\\Presentation\VS2010\icons\online_icon.gif -&gt; C:\Users\JariZ\Dropbox\www\jZmDocs\Working\Output\Website\icons\online_icon.gif
C:\Program Files (x86)\Sandcastle\\Presentation\VS2010\icons\open.gif -&gt; C:\Users\JariZ\Dropbox\www\jZmDocs\Working\Output\Website\icons\open.gif
C:\Program Files (x86)\Sandcastle\\Presentation\VS2010\icons\pencil.GIF -&gt; C:\Users\JariZ\Dropbox\www\jZmDocs\Working\Output\Website\icons\pencil.GIF
C:\Program Files (x86)\Sandcastle\\Presentation\VS2010\icons\privclass.gif -&gt; C:\Users\JariZ\Dropbox\www\jZmDocs\Working\Output\Website\icons\privclass.gif
C:\Program Files (x86)\Sandcastle\\Presentation\VS2010\icons\privdelegate.gif -&gt; C:\Users\JariZ\Dropbox\www\jZmDocs\Working\Output\Website\icons\privdelegate.gif
C:\Program Files (x86)\Sandcastle\\Presentation\VS2010\icons\privenumeration.gif -&gt; C:\Users\JariZ\Dropbox\www\jZmDocs\Working\Output\Website\icons\privenumeration.gif
C:\Program Files (x86)\Sandcastle\\Presentation\VS2010\icons\privevent.gif -&gt; C:\Users\JariZ\Dropbox\www\jZmDocs\Working\Output\Website\icons\privevent.gif
C:\Program Files (x86)\Sandcastle\\Presentation\VS2010\icons\privextension.gif -&gt; C:\Users\JariZ\Dropbox\www\jZmDocs\Working\Output\Website\icons\privextension.gif
C:\Program Files (x86)\Sandcastle\\Presentation\VS2010\icons\privfield.gif -&gt; C:\Users\JariZ\Dropbox\www\jZmDocs\Working\Output\Website\icons\privfield.gif
C:\Program Files (x86)\Sandcastle\\Presentation\VS2010\icons\privinterface.gif -&gt; C:\Users\JariZ\Dropbox\www\jZmDocs\Working\Output\Website\icons\privinterface.gif
C:\Program Files (x86)\Sandcastle\\Presentation\VS2010\icons\privmethod.gif -&gt; C:\Users\JariZ\Dropbox\www\jZmDocs\Working\Output\Website\icons\privmethod.gif
C:\Program Files (x86)\Sandcastle\\Presentation\VS2010\icons\privproperty.gif -&gt; C:\Users\JariZ\Dropbox\www\jZmDocs\Working\Output\Website\icons\privproperty.gif
C:\Program Files (x86)\Sandcastle\\Presentation\VS2010\icons\privstructure.gif -&gt; C:\Users\JariZ\Dropbox\www\jZmDocs\Working\Output\Website\icons\privstructure.gif
C:\Program Files (x86)\Sandcastle\\Presentation\VS2010\icons\protclass.gif -&gt; C:\Users\JariZ\Dropbox\www\jZmDocs\Working\Output\Website\icons\protclass.gif
C:\Program Files (x86)\Sandcastle\\Presentation\VS2010\icons\protdelegate.gif -&gt; C:\Users\JariZ\Dropbox\www\jZmDocs\Working\Output\Website\icons\protdelegate.gif
C:\Program Files (x86)\Sandcastle\\Presentation\VS2010\icons\protenumeration.gif -&gt; C:\Users\JariZ\Dropbox\www\jZmDocs\Working\Output\Website\icons\protenumeration.gif
C:\Program Files (x86)\Sandcastle\\Presentation\VS2010\icons\protevent.gif -&gt; C:\Users\JariZ\Dropbox\www\jZmDocs\Working\Output\Website\icons\protevent.gif
C:\Program Files (x86)\Sandcastle\\Presentation\VS2010\icons\protextension.gif -&gt; C:\Users\JariZ\Dropbox\www\jZmDocs\Working\Output\Website\icons\protextension.gif
C:\Program Files (x86)\Sandcastle\\Presentation\VS2010\icons\protfield.gif -&gt; C:\Users\JariZ\Dropbox\www\jZmDocs\Working\Output\Website\icons\protfield.gif
C:\Program Files (x86)\Sandcastle\\Presentation\VS2010\icons\protinterface.gif -&gt; C:\Users\JariZ\Dropbox\www\jZmDocs\Working\Output\Website\icons\protinterface.gif
C:\Program Files (x86)\Sandcastle\\Presentation\VS2010\icons\protmethod.gif -&gt; C:\Users\JariZ\Dropbox\www\jZmDocs\Working\Output\Website\icons\protmethod.gif
C:\Program Files (x86)\Sandcastle\\Presentation\VS2010\icons\protoperator.gif -&gt; C:\Users\JariZ\Dropbox\www\jZmDocs\Working\Output\Website\icons\protoperator.gif
C:\Program Files (x86)\Sandcastle\\Presentation\VS2010\icons\protproperty.gif -&gt; C:\Users\JariZ\Dropbox\www\jZmDocs\Working\Output\Website\icons\protproperty.gif
C:\Program Files (x86)\Sandcastle\\Presentation\VS2010\icons\protstructure.gif -&gt; C:\Users\JariZ\Dropbox\www\jZmDocs\Working\Output\Website\icons\protstructure.gif
C:\Program Files (x86)\Sandcastle\\Presentation\VS2010\icons\pubclass.gif -&gt; C:\Users\JariZ\Dropbox\www\jZmDocs\Working\Output\Website\icons\pubclass.gif
C:\Program Files (x86)\Sandcastle\\Presentation\VS2010\icons\pubdelegate.gif -&gt; C:\Users\JariZ\Dropbox\www\jZmDocs\Working\Output\Website\icons\pubdelegate.gif
C:\Program Files (x86)\Sandcastle\\Presentation\VS2010\icons\pubenumeration.gif -&gt; C:\Users\JariZ\Dropbox\www\jZmDocs\Working\Output\Website\icons\pubenumeration.gif
C:\Program Files (x86)\Sandcastle\\Presentation\VS2010\icons\pubevent.gif -&gt; C:\Users\JariZ\Dropbox\www\jZmDocs\Working\Output\Website\icons\pubevent.gif
C:\Program Files (x86)\Sandcastle\\Presentation\VS2010\icons\pubextension.gif -&gt; C:\Users\JariZ\Dropbox\www\jZmDocs\Working\Output\Website\icons\pubextension.gif
C:\Program Files (x86)\Sandcastle\\Presentation\VS2010\icons\pubfield.gif -&gt; C:\Users\JariZ\Dropbox\www\jZmDocs\Working\Output\Website\icons\pubfield.gif
C:\Program Files (x86)\Sandcastle\\Presentation\VS2010\icons\pubinterface.gif -&gt; C:\Users\JariZ\Dropbox\www\jZmDocs\Working\Output\Website\icons\pubinterface.gif
C:\Program Files (x86)\Sandcastle\\Presentation\VS2010\icons\pubmethod.gif -&gt; C:\Users\JariZ\Dropbox\www\jZmDocs\Working\Output\Website\icons\pubmethod.gif
C:\Program Files (x86)\Sandcastle\\Presentation\VS2010\icons\puboperator.gif -&gt; C:\Users\JariZ\Dropbox\www\jZmDocs\Working\Output\Website\icons\puboperator.gif
C:\Program Files (x86)\Sandcastle\\Presentation\VS2010\icons\pubproperty.gif -&gt; C:\Users\JariZ\Dropbox\www\jZmDocs\Working\Output\Website\icons\pubproperty.gif
C:\Program Files (x86)\Sandcastle\\Presentation\VS2010\icons\pubstructure.gif -&gt; C:\Users\JariZ\Dropbox\www\jZmDocs\Working\Output\Website\icons\pubstructure.gif
C:\Program Files (x86)\Sandcastle\\Presentation\VS2010\icons\search.gif -&gt; C:\Users\JariZ\Dropbox\www\jZmDocs\Working\Output\Website\icons\search.gif
C:\Program Files (x86)\Sandcastle\\Presentation\VS2010\icons\search_bk.gif -&gt; C:\Users\JariZ\Dropbox\www\jZmDocs\Working\Output\Website\icons\search_bk.gif
C:\Program Files (x86)\Sandcastle\\Presentation\VS2010\icons\security.gif -&gt; C:\Users\JariZ\Dropbox\www\jZmDocs\Working\Output\Website\icons\security.gif
C:\Program Files (x86)\Sandcastle\\Presentation\VS2010\icons\slMobile.gif -&gt; C:\Users\JariZ\Dropbox\www\jZmDocs\Working\Output\Website\icons\slMobile.gif
C:\Program Files (x86)\Sandcastle\\Presentation\VS2010\icons\static.gif -&gt; C:\Users\JariZ\Dropbox\www\jZmDocs\Working\Output\Website\icons\static.gif
C:\Program Files (x86)\Sandcastle\\Presentation\VS2010\icons\tabLeftBG.gif -&gt; C:\Users\JariZ\Dropbox\www\jZmDocs\Working\Output\Website\icons\tabLeftBG.gif
C:\Program Files (x86)\Sandcastle\\Presentation\VS2010\icons\tabRightBG.gif -&gt; C:\Users\JariZ\Dropbox\www\jZmDocs\Working\Output\Website\icons\tabRightBG.gif
C:\Program Files (x86)\Sandcastle\\Presentation\VS2010\icons\ui_om_collapse.gif -&gt; C:\Users\JariZ\Dropbox\www\jZmDocs\Working\Output\Website\icons\ui_om_collapse.gif
C:\Program Files (x86)\Sandcastle\\Presentation\VS2010\icons\ui_om_expand.gif -&gt; C:\Users\JariZ\Dropbox\www\jZmDocs\Working\Output\Website\icons\ui_om_expand.gif
C:\Program Files (x86)\Sandcastle\\Presentation\VS2010\icons\xna.gif -&gt; C:\Users\JariZ\Dropbox\www\jZmDocs\Working\Output\Website\icons\xna.gif
C:\Program Files (x86)\Sandcastle\\Presentation\VS2010\scripts\branding.js -&gt; C:\Users\JariZ\Dropbox\www\jZmDocs\Working\Output\Website\scripts\branding.js
C:\Program Files (x86)\Sandcastle\\Presentation\VS2010\styles\branding-cs-CZ.css -&gt; C:\Users\JariZ\Dropbox\www\jZmDocs\Working\Output\Website\styles\branding-cs-CZ.css
C:\Program Files (x86)\Sandcastle\\Presentation\VS2010\styles\branding-de-DE.css -&gt; C:\Users\JariZ\Dropbox\www\jZmDocs\Working\Output\Website\styles\branding-de-DE.css
C:\Program Files (x86)\Sandcastle\\Presentation\VS2010\styles\branding-en-US.css -&gt; C:\Users\JariZ\Dropbox\www\jZmDocs\Working\Output\Website\styles\branding-en-US.css
C:\Program Files (x86)\Sandcastle\\Presentation\VS2010\styles\branding-es-ES.css -&gt; C:\Users\JariZ\Dropbox\www\jZmDocs\Working\Output\Website\styles\branding-es-ES.css
C:\Program Files (x86)\Sandcastle\\Presentation\VS2010\styles\branding-fr-FR.css -&gt; C:\Users\JariZ\Dropbox\www\jZmDocs\Working\Output\Website\styles\branding-fr-FR.css
C:\Program Files (x86)\Sandcastle\\Presentation\VS2010\styles\branding-it-IT.css -&gt; C:\Users\JariZ\Dropbox\www\jZmDocs\Working\Output\Website\styles\branding-it-IT.css
C:\Program Files (x86)\Sandcastle\\Presentation\VS2010\styles\branding-ja-JP.css -&gt; C:\Users\JariZ\Dropbox\www\jZmDocs\Working\Output\Website\styles\branding-ja-JP.css
C:\Program Files (x86)\Sandcastle\\Presentation\VS2010\styles\branding-ko-KR.css -&gt; C:\Users\JariZ\Dropbox\www\jZmDocs\Working\Output\Website\styles\branding-ko-KR.css
C:\Program Files (x86)\Sandcastle\\Presentation\VS2010\styles\branding-pl-PL.css -&gt; C:\Users\JariZ\Dropbox\www\jZmDocs\Working\Output\Website\styles\branding-pl-PL.css
C:\Program Files (x86)\Sandcastle\\Presentation\VS2010\styles\branding-pt-BR.css -&gt; C:\Users\JariZ\Dropbox\www\jZmDocs\Working\Output\Website\styles\branding-pt-BR.css
C:\Program Files (x86)\Sandcastle\\Presentation\VS2010\styles\branding-ru-RU.css -&gt; C:\Users\JariZ\Dropbox\www\jZmDocs\Working\Output\Website\styles\branding-ru-RU.css
C:\Program Files (x86)\Sandcastle\\Presentation\VS2010\styles\branding-tr-TR.css -&gt; C:\Users\JariZ\Dropbox\www\jZmDocs\Working\Output\Website\styles\branding-tr-TR.css
C:\Program Files (x86)\Sandcastle\\Presentation\VS2010\styles\branding-zh-CN.css -&gt; C:\Users\JariZ\Dropbox\www\jZmDocs\Working\Output\Website\styles\branding-zh-CN.css
C:\Program Files (x86)\Sandcastle\\Presentation\VS2010\styles\branding-zh-TW.css -&gt; C:\Users\JariZ\Dropbox\www\jZmDocs\Working\Output\Website\styles\branding-zh-TW.css
C:\Program Files (x86)\Sandcastle\\Presentation\VS2010\styles\branding.css -&gt; C:\Users\JariZ\Dropbox\www\jZmDocs\Working\Output\Website\styles\branding.css
Copying help branding...
C:\Program Files (x86)\Sandcastle\\Presentation\VS2010\branding\dev10.mshc -&gt; C:\Users\JariZ\Dropbox\www\jZmDocs\Working\Output\Website\branding\
C:\Program Files (x86)\Sandcastle\\Presentation\VS2010\branding\dev10.mshc -&gt; C:\Users\JariZ\Dropbox\www\jZmDocs\Working\branding
    C:\Program Files (x86)\Sandcastle\\Presentation\VS2010\branding\dev10.mshc/body.xslt -> C:\Users\JariZ\Dropbox\www\jZmDocs\Working\branding\body.xslt
    C:\Program Files (x86)\Sandcastle\\Presentation\VS2010\branding\dev10.mshc/head.xslt -> C:\Users\JariZ\Dropbox\www\jZmDocs\Working\branding\head.xslt
    C:\Program Files (x86)\Sandcastle\\Presentation\VS2010\branding\dev10.mshc/CodeSnippet.xslt -> C:\Users\JariZ\Dropbox\www\jZmDocs\Working\branding\CodeSnippet.xslt
    C:\Program Files (x86)\Sandcastle\\Presentation\VS2010\branding\dev10.mshc/codesnippet-cs-CZ.xslt -> C:\Users\JariZ\Dropbox\www\jZmDocs\Working\branding\codesnippet-cs-CZ.xslt
    C:\Program Files (x86)\Sandcastle\\Presentation\VS2010\branding\dev10.mshc/codesnippet-de-DE.xslt -> C:\Users\JariZ\Dropbox\www\jZmDocs\Working\branding\codesnippet-de-DE.xslt
    C:\Program Files (x86)\Sandcastle\\Presentation\VS2010\branding\dev10.mshc/codesnippet-en-US.xslt -> C:\Users\JariZ\Dropbox\www\jZmDocs\Working\branding\codesnippet-en-US.xslt
    C:\Program Files (x86)\Sandcastle\\Presentation\VS2010\branding\dev10.mshc/codesnippet-es-ES.xslt -> C:\Users\JariZ\Dropbox\www\jZmDocs\Working\branding\codesnippet-es-ES.xslt
    C:\Program Files (x86)\Sandcastle\\Presentation\VS2010\branding\dev10.mshc/codesnippet-fr-FR.xslt -> C:\Users\JariZ\Dropbox\www\jZmDocs\Working\branding\codesnippet-fr-FR.xslt
    C:\Program Files (x86)\Sandcastle\\Presentation\VS2010\branding\dev10.mshc/codesnippet-it-IT.xslt -> C:\Users\JariZ\Dropbox\www\jZmDocs\Working\branding\codesnippet-it-IT.xslt
    C:\Program Files (x86)\Sandcastle\\Presentation\VS2010\branding\dev10.mshc/codesnippet-ja-JP.xslt -> C:\Users\JariZ\Dropbox\www\jZmDocs\Working\branding\codesnippet-ja-JP.xslt
    C:\Program Files (x86)\Sandcastle\\Presentation\VS2010\branding\dev10.mshc/codesnippet-ko-KR.xslt -> C:\Users\JariZ\Dropbox\www\jZmDocs\Working\branding\codesnippet-ko-KR.xslt
    C:\Program Files (x86)\Sandcastle\\Presentation\VS2010\branding\dev10.mshc/codesnippet-pl-PL.xslt -> C:\Users\JariZ\Dropbox\www\jZmDocs\Working\branding\codesnippet-pl-PL.xslt
    C:\Program Files (x86)\Sandcastle\\Presentation\VS2010\branding\dev10.mshc/codesnippet-pt-BR.xslt -> C:\Users\JariZ\Dropbox\www\jZmDocs\Working\branding\codesnippet-pt-BR.xslt
    C:\Program Files (x86)\Sandcastle\\Presentation\VS2010\branding\dev10.mshc/codesnippet-ru-RU.xslt -> C:\Users\JariZ\Dropbox\www\jZmDocs\Working\branding\codesnippet-ru-RU.xslt
    C:\Program Files (x86)\Sandcastle\\Presentation\VS2010\branding\dev10.mshc/codesnippet-tr-TR.xslt -> C:\Users\JariZ\Dropbox\www\jZmDocs\Working\branding\codesnippet-tr-TR.xslt
    C:\Program Files (x86)\Sandcastle\\Presentation\VS2010\branding\dev10.mshc/codesnippet-zh-CN.xslt -> C:\Users\JariZ\Dropbox\www\jZmDocs\Working\branding\codesnippet-zh-CN.xslt
    C:\Program Files (x86)\Sandcastle\\Presentation\VS2010\branding\dev10.mshc/codesnippet-zh-TW.xslt -> C:\Users\JariZ\Dropbox\www\jZmDocs\Working\branding\codesnippet-zh-TW.xslt
    C:\Program Files (x86)\Sandcastle\\Presentation\VS2010\branding\dev10.mshc/Identity.xslt -> C:\Users\JariZ\Dropbox\www\jZmDocs\Working\branding\Identity.xslt
    C:\Program Files (x86)\Sandcastle\\Presentation\VS2010\branding\dev10.mshc/InstrumentedLink.xslt -> C:\Users\JariZ\Dropbox\www\jZmDocs\Working\branding\InstrumentedLink.xslt
    C:\Program Files (x86)\Sandcastle\\Presentation\VS2010\branding\dev10.mshc/instrumentedlink-cs-CZ.xslt -> C:\Users\JariZ\Dropbox\www\jZmDocs\Working\branding\instrumentedlink-cs-CZ.xslt
    C:\Program Files (x86)\Sandcastle\\Presentation\VS2010\branding\dev10.mshc/instrumentedlink-de-DE.xslt -> C:\Users\JariZ\Dropbox\www\jZmDocs\Working\branding\instrumentedlink-de-DE.xslt
    C:\Program Files (x86)\Sandcastle\\Presentation\VS2010\branding\dev10.mshc/instrumentedlink-en-US.xslt -> C:\Users\JariZ\Dropbox\www\jZmDocs\Working\branding\instrumentedlink-en-US.xslt
    C:\Program Files (x86)\Sandcastle\\Presentation\VS2010\branding\dev10.mshc/instrumentedlink-es-ES.xslt -> C:\Users\JariZ\Dropbox\www\jZmDocs\Working\branding\instrumentedlink-es-ES.xslt
    C:\Program Files (x86)\Sandcastle\\Presentation\VS2010\branding\dev10.mshc/instrumentedlink-fr-FR.xslt -> C:\Users\JariZ\Dropbox\www\jZmDocs\Working\branding\instrumentedlink-fr-FR.xslt
    C:\Program Files (x86)\Sandcastle\\Presentation\VS2010\branding\dev10.mshc/instrumentedlink-it-IT.xslt -> C:\Users\JariZ\Dropbox\www\jZmDocs\Working\branding\instrumentedlink-it-IT.xslt
    C:\Program Files (x86)\Sandcastle\\Presentation\VS2010\branding\dev10.mshc/instrumentedlink-ja-JP.xslt -> C:\Users\JariZ\Dropbox\www\jZmDocs\Working\branding\instrumentedlink-ja-JP.xslt
    C:\Program Files (x86)\Sandcastle\\Presentation\VS2010\branding\dev10.mshc/instrumentedlink-ko-KR.xslt -> C:\Users\JariZ\Dropbox\www\jZmDocs\Working\branding\instrumentedlink-ko-KR.xslt
    C:\Program Files (x86)\Sandcastle\\Presentation\VS2010\branding\dev10.mshc/instrumentedlink-pl-PL.xslt -> C:\Users\JariZ\Dropbox\www\jZmDocs\Working\branding\instrumentedlink-pl-PL.xslt
    C:\Program Files (x86)\Sandcastle\\Presentation\VS2010\branding\dev10.mshc/instrumentedlink-pt-BR.xslt -> C:\Users\JariZ\Dropbox\www\jZmDocs\Working\branding\instrumentedlink-pt-BR.xslt
    C:\Program Files (x86)\Sandcastle\\Presentation\VS2010\branding\dev10.mshc/instrumentedlink-ru-RU.xslt -> C:\Users\JariZ\Dropbox\www\jZmDocs\Working\branding\instrumentedlink-ru-RU.xslt
    C:\Program Files (x86)\Sandcastle\\Presentation\VS2010\branding\dev10.mshc/instrumentedlink-tr-TR.xslt -> C:\Users\JariZ\Dropbox\www\jZmDocs\Working\branding\instrumentedlink-tr-TR.xslt
    C:\Program Files (x86)\Sandcastle\\Presentation\VS2010\branding\dev10.mshc/instrumentedlink-zh-CN.xslt -> C:\Users\JariZ\Dropbox\www\jZmDocs\Working\branding\instrumentedlink-zh-CN.xslt
    C:\Program Files (x86)\Sandcastle\\Presentation\VS2010\branding\dev10.mshc/instrumentedlink-zh-TW.xslt -> C:\Users\JariZ\Dropbox\www\jZmDocs\Working\branding\instrumentedlink-zh-TW.xslt
    C:\Program Files (x86)\Sandcastle\\Presentation\VS2010\branding\dev10.mshc/LanguageSpecificText.xslt -> C:\Users\JariZ\Dropbox\www\jZmDocs\Working\branding\LanguageSpecificText.xslt
    C:\Program Files (x86)\Sandcastle\\Presentation\VS2010\branding\dev10.mshc/MultiViewTable.xslt -> C:\Users\JariZ\Dropbox\www\jZmDocs\Working\branding\MultiViewTable.xslt
    C:\Program Files (x86)\Sandcastle\\Presentation\VS2010\branding\dev10.mshc/MultiViewTable-cs-CZ.xslt -> C:\Users\JariZ\Dropbox\www\jZmDocs\Working\branding\MultiViewTable-cs-CZ.xslt
    C:\Program Files (x86)\Sandcastle\\Presentation\VS2010\branding\dev10.mshc/MultiViewTable-de-DE.xslt -> C:\Users\JariZ\Dropbox\www\jZmDocs\Working\branding\MultiViewTable-de-DE.xslt
    C:\Program Files (x86)\Sandcastle\\Presentation\VS2010\branding\dev10.mshc/MultiViewTable-en-US.xslt -> C:\Users\JariZ\Dropbox\www\jZmDocs\Working\branding\MultiViewTable-en-US.xslt
    C:\Program Files (x86)\Sandcastle\\Presentation\VS2010\branding\dev10.mshc/MultiViewTable-es-ES.xslt -> C:\Users\JariZ\Dropbox\www\jZmDocs\Working\branding\MultiViewTable-es-ES.xslt
    C:\Program Files (x86)\Sandcastle\\Presentation\VS2010\branding\dev10.mshc/MultiViewTable-fr-FR.xslt -> C:\Users\JariZ\Dropbox\www\jZmDocs\Working\branding\MultiViewTable-fr-FR.xslt
    C:\Program Files (x86)\Sandcastle\\Presentation\VS2010\branding\dev10.mshc/MultiViewTable-it-IT.xslt -> C:\Users\JariZ\Dropbox\www\jZmDocs\Working\branding\MultiViewTable-it-IT.xslt
    C:\Program Files (x86)\Sandcastle\\Presentation\VS2010\branding\dev10.mshc/MultiViewTable-ja-JP.xslt -> C:\Users\JariZ\Dropbox\www\jZmDocs\Working\branding\MultiViewTable-ja-JP.xslt
    C:\Program Files (x86)\Sandcastle\\Presentation\VS2010\branding\dev10.mshc/MultiViewTable-ko-KR.xslt -> C:\Users\JariZ\Dropbox\www\jZmDocs\Working\branding\MultiViewTable-ko-KR.xslt
    C:\Program Files (x86)\Sandcastle\\Presentation\VS2010\branding\dev10.mshc/MultiViewTable-pl-PL.xslt -> C:\Users\JariZ\Dropbox\www\jZmDocs\Working\branding\MultiViewTable-pl-PL.xslt
    C:\Program Files (x86)\Sandcastle\\Presentation\VS2010\branding\dev10.mshc/MultiViewTable-pt-BR.xslt -> C:\Users\JariZ\Dropbox\www\jZmDocs\Working\branding\MultiViewTable-pt-BR.xslt
    C:\Program Files (x86)\Sandcastle\\Presentation\VS2010\branding\dev10.mshc/MultiViewTable-ru-RU.xslt -> C:\Users\JariZ\Dropbox\www\jZmDocs\Working\branding\MultiViewTable-ru-RU.xslt
    C:\Program Files (x86)\Sandcastle\\Presentation\VS2010\branding\dev10.mshc/MultiViewTable-tr-TR.xslt -> C:\Users\JariZ\Dropbox\www\jZmDocs\Working\branding\MultiViewTable-tr-TR.xslt
    C:\Program Files (x86)\Sandcastle\\Presentation\VS2010\branding\dev10.mshc/MultiViewTable-zh-CN.xslt -> C:\Users\JariZ\Dropbox\www\jZmDocs\Working\branding\MultiViewTable-zh-CN.xslt
    C:\Program Files (x86)\Sandcastle\\Presentation\VS2010\branding\dev10.mshc/MultiViewTable-zh-TW.xslt -> C:\Users\JariZ\Dropbox\www\jZmDocs\Working\branding\MultiViewTable-zh-TW.xslt
    C:\Program Files (x86)\Sandcastle\\Presentation\VS2010\branding\dev10.mshc/index.xslt -> C:\Users\JariZ\Dropbox\www\jZmDocs\Working\branding\index.xslt
    C:\Program Files (x86)\Sandcastle\\Presentation\VS2010\branding\dev10.mshc/index-cs-CZ.xslt -> C:\Users\JariZ\Dropbox\www\jZmDocs\Working\branding\index-cs-CZ.xslt
    C:\Program Files (x86)\Sandcastle\\Presentation\VS2010\branding\dev10.mshc/index-de-DE.xslt -> C:\Users\JariZ\Dropbox\www\jZmDocs\Working\branding\index-de-DE.xslt
    C:\Program Files (x86)\Sandcastle\\Presentation\VS2010\branding\dev10.mshc/index-en-US.xslt -> C:\Users\JariZ\Dropbox\www\jZmDocs\Working\branding\index-en-US.xslt
    C:\Program Files (x86)\Sandcastle\\Presentation\VS2010\branding\dev10.mshc/index-es-ES.xslt -> C:\Users\JariZ\Dropbox\www\jZmDocs\Working\branding\index-es-ES.xslt
    C:\Program Files (x86)\Sandcastle\\Presentation\VS2010\branding\dev10.mshc/index-fr-FR.xslt -> C:\Users\JariZ\Dropbox\www\jZmDocs\Working\branding\index-fr-FR.xslt
    C:\Program Files (x86)\Sandcastle\\Presentation\VS2010\branding\dev10.mshc/index-it-IT.xslt -> C:\Users\JariZ\Dropbox\www\jZmDocs\Working\branding\index-it-IT.xslt
    C:\Program Files (x86)\Sandcastle\\Presentation\VS2010\branding\dev10.mshc/index-ja-JP.xslt -> C:\Users\JariZ\Dropbox\www\jZmDocs\Working\branding\index-ja-JP.xslt
    C:\Program Files (x86)\Sandcastle\\Presentation\VS2010\branding\dev10.mshc/index-ko-KR.xslt -> C:\Users\JariZ\Dropbox\www\jZmDocs\Working\branding\index-ko-KR.xslt
    C:\Program Files (x86)\Sandcastle\\Presentation\VS2010\branding\dev10.mshc/index-pl-PL.xslt -> C:\Users\JariZ\Dropbox\www\jZmDocs\Working\branding\index-pl-PL.xslt
    C:\Program Files (x86)\Sandcastle\\Presentation\VS2010\branding\dev10.mshc/index-pt-BR.xslt -> C:\Users\JariZ\Dropbox\www\jZmDocs\Working\branding\index-pt-BR.xslt
    C:\Program Files (x86)\Sandcastle\\Presentation\VS2010\branding\dev10.mshc/index-ru-RU.xslt -> C:\Users\JariZ\Dropbox\www\jZmDocs\Working\branding\index-ru-RU.xslt
    C:\Program Files (x86)\Sandcastle\\Presentation\VS2010\branding\dev10.mshc/index-tr-TR.xslt -> C:\Users\JariZ\Dropbox\www\jZmDocs\Working\branding\index-tr-TR.xslt
    C:\Program Files (x86)\Sandcastle\\Presentation\VS2010\branding\dev10.mshc/index-zh-CN.xslt -> C:\Users\JariZ\Dropbox\www\jZmDocs\Working\branding\index-zh-CN.xslt
    C:\Program Files (x86)\Sandcastle\\Presentation\VS2010\branding\dev10.mshc/index-zh-TW.xslt -> C:\Users\JariZ\Dropbox\www\jZmDocs\Working\branding\index-zh-TW.xslt
    C:\Program Files (x86)\Sandcastle\\Presentation\VS2010\branding\dev10.mshc/search.xslt -> C:\Users\JariZ\Dropbox\www\jZmDocs\Working\branding\search.xslt
    C:\Program Files (x86)\Sandcastle\\Presentation\VS2010\branding\dev10.mshc/search-cs-CZ.xslt -> C:\Users\JariZ\Dropbox\www\jZmDocs\Working\branding\search-cs-CZ.xslt
    C:\Program Files (x86)\Sandcastle\\Presentation\VS2010\branding\dev10.mshc/search-de-DE.xslt -> C:\Users\JariZ\Dropbox\www\jZmDocs\Working\branding\search-de-DE.xslt
    C:\Program Files (x86)\Sandcastle\\Presentation\VS2010\branding\dev10.mshc/search-en-US.xslt -> C:\Users\JariZ\Dropbox\www\jZmDocs\Working\branding\search-en-US.xslt
    C:\Program Files (x86)\Sandcastle\\Presentation\VS2010\branding\dev10.mshc/search-es-ES.xslt -> C:\Users\JariZ\Dropbox\www\jZmDocs\Working\branding\search-es-ES.xslt
    C:\Program Files (x86)\Sandcastle\\Presentation\VS2010\branding\dev10.mshc/search-fr-FR.xslt -> C:\Users\JariZ\Dropbox\www\jZmDocs\Working\branding\search-fr-FR.xslt
    C:\Program Files (x86)\Sandcastle\\Presentation\VS2010\branding\dev10.mshc/search-it-IT.xslt -> C:\Users\JariZ\Dropbox\www\jZmDocs\Working\branding\search-it-IT.xslt
    C:\Program Files (x86)\Sandcastle\\Presentation\VS2010\branding\dev10.mshc/search-ja-JP.xslt -> C:\Users\JariZ\Dropbox\www\jZmDocs\Working\branding\search-ja-JP.xslt
    C:\Program Files (x86)\Sandcastle\\Presentation\VS2010\branding\dev10.mshc/search-ko-KR.xslt -> C:\Users\JariZ\Dropbox\www\jZmDocs\Working\branding\search-ko-KR.xslt
    C:\Program Files (x86)\Sandcastle\\Presentation\VS2010\branding\dev10.mshc/search-pl-PL.xslt -> C:\Users\JariZ\Dropbox\www\jZmDocs\Working\branding\search-pl-PL.xslt
    C:\Program Files (x86)\Sandcastle\\Presentation\VS2010\branding\dev10.mshc/search-pt-BR.xslt -> C:\Users\JariZ\Dropbox\www\jZmDocs\Working\branding\search-pt-BR.xslt
    C:\Program Files (x86)\Sandcastle\\Presentation\VS2010\branding\dev10.mshc/search-ru-RU.xslt -> C:\Users\JariZ\Dropbox\www\jZmDocs\Working\branding\search-ru-RU.xslt
    C:\Program Files (x86)\Sandcastle\\Presentation\VS2010\branding\dev10.mshc/search-tr-TR.xslt -> C:\Users\JariZ\Dropbox\www\jZmDocs\Working\branding\search-tr-TR.xslt
    C:\Program Files (x86)\Sandcastle\\Presentation\VS2010\branding\dev10.mshc/search-zh-CN.xslt -> C:\Users\JariZ\Dropbox\www\jZmDocs\Working\branding\search-zh-CN.xslt
    C:\Program Files (x86)\Sandcastle\\Presentation\VS2010\branding\dev10.mshc/search-zh-TW.xslt -> C:\Users\JariZ\Dropbox\www\jZmDocs\Working\branding\search-zh-TW.xslt
    C:\Program Files (x86)\Sandcastle\\Presentation\VS2010\branding\dev10.mshc/toc.xslt -> C:\Users\JariZ\Dropbox\www\jZmDocs\Working\branding\toc.xslt
    C:\Program Files (x86)\Sandcastle\\Presentation\VS2010\branding\dev10.mshc/toc-cs-CZ.xslt -> C:\Users\JariZ\Dropbox\www\jZmDocs\Working\branding\toc-cs-CZ.xslt
    C:\Program Files (x86)\Sandcastle\\Presentation\VS2010\branding\dev10.mshc/toc-de-DE.xslt -> C:\Users\JariZ\Dropbox\www\jZmDocs\Working\branding\toc-de-DE.xslt
    C:\Program Files (x86)\Sandcastle\\Presentation\VS2010\branding\dev10.mshc/toc-en-US.xslt -> C:\Users\JariZ\Dropbox\www\jZmDocs\Working\branding\toc-en-US.xslt
    C:\Program Files (x86)\Sandcastle\\Presentation\VS2010\branding\dev10.mshc/toc-es-ES.xslt -> C:\Users\JariZ\Dropbox\www\jZmDocs\Working\branding\toc-es-ES.xslt
    C:\Program Files (x86)\Sandcastle\\Presentation\VS2010\branding\dev10.mshc/toc-fr-FR.xslt -> C:\Users\JariZ\Dropbox\www\jZmDocs\Working\branding\toc-fr-FR.xslt
    C:\Program Files (x86)\Sandcastle\\Presentation\VS2010\branding\dev10.mshc/toc-it-IT.xslt -> C:\Users\JariZ\Dropbox\www\jZmDocs\Working\branding\toc-it-IT.xslt
    C:\Program Files (x86)\Sandcastle\\Presentation\VS2010\branding\dev10.mshc/toc-ja-JP.xslt -> C:\Users\JariZ\Dropbox\www\jZmDocs\Working\branding\toc-ja-JP.xslt
    C:\Program Files (x86)\Sandcastle\\Presentation\VS2010\branding\dev10.mshc/toc-ko-KR.xslt -> C:\Users\JariZ\Dropbox\www\jZmDocs\Working\branding\toc-ko-KR.xslt
    C:\Program Files (x86)\Sandcastle\\Presentation\VS2010\branding\dev10.mshc/toc-pl-PL.xslt -> C:\Users\JariZ\Dropbox\www\jZmDocs\Working\branding\toc-pl-PL.xslt
    C:\Program Files (x86)\Sandcastle\\Presentation\VS2010\branding\dev10.mshc/toc-pt-BR.xslt -> C:\Users\JariZ\Dropbox\www\jZmDocs\Working\branding\toc-pt-BR.xslt
    C:\Program Files (x86)\Sandcastle\\Presentation\VS2010\branding\dev10.mshc/toc-ru-RU.xslt -> C:\Users\JariZ\Dropbox\www\jZmDocs\Working\branding\toc-ru-RU.xslt
    C:\Program Files (x86)\Sandcastle\\Presentation\VS2010\branding\dev10.mshc/toc-tr-TR.xslt -> C:\Users\JariZ\Dropbox\www\jZmDocs\Working\branding\toc-tr-TR.xslt
    C:\Program Files (x86)\Sandcastle\\Presentation\VS2010\branding\dev10.mshc/toc-zh-CN.xslt -> C:\Users\JariZ\Dropbox\www\jZmDocs\Working\branding\toc-zh-CN.xslt
    C:\Program Files (x86)\Sandcastle\\Presentation\VS2010\branding\dev10.mshc/toc-zh-TW.xslt -> C:\Users\JariZ\Dropbox\www\jZmDocs\Working\branding\toc-zh-TW.xslt
C:\Program Files (x86)\Sandcastle\\Presentation\VS2010\branding -&gt; C:\Users\JariZ\Dropbox\www\jZmDocs\Working\Output\Website\branding\
C:\Program Files (x86)\Sandcastle\\Presentation\VS2010\branding -&gt; C:\Users\JariZ\Dropbox\www\jZmDocs\Working\branding
    C:\Program Files (x86)\Sandcastle\Presentation\VS2010\branding\branding.xml -> C:\Users\JariZ\Dropbox\www\jZmDocs\Working\branding\branding.xml
    C:\Program Files (x86)\Sandcastle\Presentation\VS2010\branding\branding.xslt -> C:\Users\JariZ\Dropbox\www\jZmDocs\Working\branding\branding.xslt
    C:\Program Files (x86)\Sandcastle\Presentation\VS2010\branding\branding-cs-CZ.xslt -> C:\Users\JariZ\Dropbox\www\jZmDocs\Working\branding\branding-cs-CZ.xslt
    C:\Program Files (x86)\Sandcastle\Presentation\VS2010\branding\branding-de-DE.xslt -> C:\Users\JariZ\Dropbox\www\jZmDocs\Working\branding\branding-de-DE.xslt
    C:\Program Files (x86)\Sandcastle\Presentation\VS2010\branding\branding-en-US.xslt -> C:\Users\JariZ\Dropbox\www\jZmDocs\Working\branding\branding-en-US.xslt
    C:\Program Files (x86)\Sandcastle\Presentation\VS2010\branding\branding-es-ES.xslt -> C:\Users\JariZ\Dropbox\www\jZmDocs\Working\branding\branding-es-ES.xslt
    C:\Program Files (x86)\Sandcastle\Presentation\VS2010\branding\branding-fr-FR.xslt -> C:\Users\JariZ\Dropbox\www\jZmDocs\Working\branding\branding-fr-FR.xslt
    C:\Program Files (x86)\Sandcastle\Presentation\VS2010\branding\branding-it-IT.xslt -> C:\Users\JariZ\Dropbox\www\jZmDocs\Working\branding\branding-it-IT.xslt
    C:\Program Files (x86)\Sandcastle\Presentation\VS2010\branding\branding-ja-JP.xslt -> C:\Users\JariZ\Dropbox\www\jZmDocs\Working\branding\branding-ja-JP.xslt
    C:\Program Files (x86)\Sandcastle\Presentation\VS2010\branding\branding-ko-KR.xslt -> C:\Users\JariZ\Dropbox\www\jZmDocs\Working\branding\branding-ko-KR.xslt
    C:\Program Files (x86)\Sandcastle\Presentation\VS2010\branding\branding-pl-PL.xslt -> C:\Users\JariZ\Dropbox\www\jZmDocs\Working\branding\branding-pl-PL.xslt
    C:\Program Files (x86)\Sandcastle\Presentation\VS2010\branding\branding-pt-BR.xslt -> C:\Users\JariZ\Dropbox\www\jZmDocs\Working\branding\branding-pt-BR.xslt
    C:\Program Files (x86)\Sandcastle\Presentation\VS2010\branding\branding-ru-RU.xslt -> C:\Users\JariZ\Dropbox\www\jZmDocs\Working\branding\branding-ru-RU.xslt
    C:\Program Files (x86)\Sandcastle\Presentation\VS2010\branding\branding-tr-TR.xslt -> C:\Users\JariZ\Dropbox\www\jZmDocs\Working\branding\branding-tr-TR.xslt
    C:\Program Files (x86)\Sandcastle\Presentation\VS2010\branding\branding-zh-CN.xslt -> C:\Users\JariZ\Dropbox\www\jZmDocs\Working\branding\branding-zh-CN.xslt
    C:\Program Files (x86)\Sandcastle\Presentation\VS2010\branding\branding-zh-TW.xslt -> C:\Users\JariZ\Dropbox\www\jZmDocs\Working\branding\branding-zh-TW.xslt
    C:\Program Files (x86)\Sandcastle\Presentation\VS2010\branding\ps-body.xslt -> C:\Users\JariZ\Dropbox\www\jZmDocs\Working\branding\ps-body.xslt
    C:\Program Files (x86)\Sandcastle\Presentation\VS2010\branding\ps-head.xslt -> C:\Users\JariZ\Dropbox\www\jZmDocs\Working\branding\ps-head.xslt
    C:\Program Files (x86)\Sandcastle\Presentation\VS2010\branding\ps-foot.xslt -> C:\Users\JariZ\Dropbox\www\jZmDocs\Working\branding\ps-foot.xslt
    C:\Program Files (x86)\Sandcastle\Presentation\VS2010\branding\ps-collapsibleArea.xslt -> C:\Users\JariZ\Dropbox\www\jZmDocs\Working\branding\ps-collapsibleArea.xslt
    C:\Program Files (x86)\Sandcastle\Presentation\VS2010\branding\ps-instrumentedLink.xslt -> C:\Users\JariZ\Dropbox\www\jZmDocs\Working\branding\ps-instrumentedLink.xslt
    C:\Program Files (x86)\Sandcastle\Presentation\VS2010\branding\ps-languageSpecificText.xslt -> C:\Users\JariZ\Dropbox\www\jZmDocs\Working\branding\ps-languageSpecificText.xslt
    C:\Program Files (x86)\Sandcastle\Presentation\VS2010\branding\ps-codesnippet.xslt -> C:\Users\JariZ\Dropbox\www\jZmDocs\Working\branding\ps-codesnippet.xslt
    Last step completed in 00:00:01.1061
</buildStep>
<buildStep step="CopyAdditionalContent">
Copying additional content files...
No additional content to copy
    Last step completed in 00:00:00.0050
</buildStep>
<buildStep step="MergeTablesOfContents">
Merging conceptual and additional tables of contents...
    Last step completed in 00:00:00.0040
</buildStep>
<buildStep step="GenerateIntermediateTableOfContents">
Generating intermediate table of contents file...
[C:\Windows\Microsoft.NET\Framework64\v4.0.30319\MSBuild.exe]
  XslTransform (v2.7.2.0)
  Copyright &#184; 2006-2012, Microsoft Corporation, All Rights Reserved
  Info: Applying XSL transformation &#39;C:\Program Files (x86)\Sandcastle\\ProductionTransforms\CreateVSToc.xsl&#39;.
Generating conceptual content intermediate TOC file...
    Last step completed in 00:00:00.6260
</buildStep>
<buildStep step="CreateBuildAssemblerConfigs">
Creating Sandcastle configuration files...
    sandcastle.config
    Last step completed in 00:00:00.0660
</buildStep>
<buildStep step="MergeCustomConfigs">
Merging custom build component configurations
C:\Users\JariZ\Dropbox\www\jZmDocs\Working\sandcastle.config
    Last step completed in 00:00:00.0520
</buildStep>
<buildStep step="BuildReferenceTopics">
Building reference help topics...
[C:\Windows\Microsoft.NET\Framework64\v4.0.30319\MSBuild.exe]
  BuildAssembler (v2.7.2.0)
  Copyright &#184; 2006-2012, Microsoft Corporation, All Rights Reserved
  Info: Loading configuration...
  Info: Processing topics...
  Warn: ResolveReferenceLinksComponent2: [M:ZombieAPI.ZombieAPI.GetDVar(System.String)] Unknown reference link target &#39;!:null&#39;.
  Warn: ResolveReferenceLinksComponent2: [M:ZombieAPI.ZombieAPI.GetDVar(System.String)] Invalid reference link target &#39;!:null&#39;.
  Warn: ResolveReferenceLinksComponent2: [M:ZombieAPI.ZombieAPI.GetDVar(System.String)] Unknown reference link target &#39;!:null&#39;.
  Warn: ResolveReferenceLinksComponent2: [M:ZombieAPI.ZombieAPI.GetDVar(System.String)] Invalid reference link target &#39;!:null&#39;.
  Warn: ResolveReferenceLinksComponent2: [M:ZombieAPI.ZombieAPI.GetDVarValue(System.String)] Unknown reference link target &#39;!:null&#39;.
  Warn: ResolveReferenceLinksComponent2: [M:ZombieAPI.ZombieAPI.GetDVarValue(System.String)] Invalid reference link target &#39;!:null&#39;.
  Warn: ResolveReferenceLinksComponent2: [M:ZombieAPI.ZombieAPI.GetDVarValue(System.String)] Unknown reference link target &#39;!:null&#39;.
  Warn: ResolveReferenceLinksComponent2: [M:ZombieAPI.ZombieAPI.GetDVarValue(System.String)] Invalid reference link target &#39;!:null&#39;.
  Warn: ResolveReferenceLinksComponent2: [M:ZombieAPI.GameObjects.Player.SetClientDVar(System.String)] Unknown reference link target &#39;!:ZombieAPI.GetDVar()&#39;.
  Warn: ResolveReferenceLinksComponent2: [M:ZombieAPI.GameObjects.Player.SetClientDVar(System.String)] Invalid reference link target &#39;!:ZombieAPI.GetDVar()&#39;.
  Warn: ResolveReferenceLinksComponent2: [M:ZombieAPI.GameObjects.Player.SetClientDVar(System.String)] Unknown reference link target &#39;!:ZombieAPI.GetDVar()&#39;.
  Warn: ResolveReferenceLinksComponent2: [M:ZombieAPI.GameObjects.Player.SetClientDVar(System.String)] Invalid reference link target &#39;!:ZombieAPI.GetDVar()&#39;.
  Info: Processed 241 topics
    Last step completed in 00:03:11.2489
</buildStep>
<buildStep step="CombiningIntermediateTocFiles">
Combining conceptual and API intermediate TOC files...

Clearing any prior web output
    Did not delete folder &#39;C:\Users\JariZ\Dropbox\www\jZmDocs\.git&#39; as it contains read-only or hidden folders/files
    Last step completed in 00:00:00.5130
</buildStep>
<buildStep step="ExtractingHtmlInfo">
Extracting HTML info for HTML Help 1 and/or website...
[C:\Windows\Microsoft.NET\Framework64\v4.0.30319\MSBuild.exe]
Sandcastle Help File Builder, version 1.9.6.0
Copyright &#184; 2006-2012, Eric Woodruff, All Rights Reserved
E-Mail: Eric@EWoodruff.us

Using LCID &#39;1033&#39;, code page &#39;65001&#39;, encoding charset &#39;UTF-8&#39;.

Processing Help 1 files in C:\Users\JariZ\Dropbox\www\jZmDocs\Working\Output\HtmlHelp1
Processed 241 HTML files
Sorting keywords and generating See Also indices
Saving HTML Help 1 keyword index to C:\Users\JariZ\Dropbox\www\jZmDocs\Working\Documentation.hhk
Saving HTML Help 1 table of contents to C:\Users\JariZ\Dropbox\www\jZmDocs\Working\Documentation.hhc

Processing website files in C:\Users\JariZ\Dropbox\www\jZmDocs\Working\Output\Website
Processed 241 HTML files
Sorting keywords and generating See Also indices
Saving website keyword index to C:\Users\JariZ\Dropbox\www\jZmDocs\Working\WebKI.xml
Saving website table of contents to C:\Users\JariZ\Dropbox\www\jZmDocs\Working\WebTOC.xml
    Last step completed in 00:00:04.2172
</buildStep>
<buildStep step="GenerateHelpFormatTableOfContents">
Generating HTML Help 1 table of contents file...
    Last step completed in 00:00:00.0030
</buildStep>
<buildStep step="GenerateHelpFileIndex">
Generating HTML Help 1 index file...
    Last step completed in 00:00:00.0020
</buildStep>
<buildStep step="GenerateHelpProject">
Generating HTML Help 1 project file...
    Last step completed in 00:00:00.0100
</buildStep>
<buildStep step="CompilingHelpFile">
Compiling HTML Help 1 file...
[C:\Windows\Microsoft.NET\Framework64\v4.0.30319\MSBuild.exe]
  Microsoft HTML Help Compiler 4.74.8702
  
  
  
  Compiling c:\Users\JariZ\Dropbox\www\jZmDocs\Working\Output\HtmlHelp1\Documentation.chm
  
  
  
  
  
  Compile time: 0 minutes, 9 seconds
  
  243	Topics
  
  2,984	Local links
  
  1,379	Internet links
  
  0	Graphics
  
  
  
  
  
  Created c:\Users\JariZ\Dropbox\www\jZmDocs\Working\Output\HtmlHelp1\Documentation.chm, 272,920 bytes
  
  Compression decreased file by 2,288,880 bytes.
  
    Last step completed in 00:00:09.7986
</buildStep>
<buildStep step="GenerateHelpFormatTableOfContents">
Generating website table of contents file...
    Last step completed in 00:00:00.0150
</buildStep>
<buildStep step="GenerateFullTextIndex">
Generating full-text index for the website...

    Last step completed in 00:00:02.2151
</buildStep>
<buildStep step="CopyingWebsiteFiles">
Copying website files to output folder...

Copied 100 files
Copied 200 files
Copied 300 files
Copied 339 files for the website content
    Last step completed in 00:00:02.3231
</buildStep>
<buildStep step="CleanIntermediates">
Removing intermediate files...
    Last step completed in 00:00:00.9461
</buildStep>
<buildStep step="Completed">

Build completed successfully at 03-04-2013 09:01 .  Total time: 00:03:39,8796

</buildStep>
</shfbBuild>
